{"C:\\Users\\MTG\\Desktop\\v0.9\\apps\\client\\src\\App.js": {"path":"C:\\Users\\MTG\\Desktop\\v0.9\\apps\\client\\src\\App.js","statementMap":{"0":{"start":{"line":22,"column":2},"end":{"line":31,"column":4}}},"fnMap":{"0":{"name":"App","decl":{"start":{"line":21,"column":9},"end":{"line":21,"column":12}},"loc":{"start":{"line":21,"column":15},"end":{"line":32,"column":1}},"line":21}},"branchMap":{},"s":{"0":0},"f":{"0":0},"b":{}}
,"C:\\Users\\MTG\\Desktop\\v0.9\\apps\\client\\src\\firebase.js": {"path":"C:\\Users\\MTG\\Desktop\\v0.9\\apps\\client\\src\\firebase.js","statementMap":{"0":{"start":{"line":8,"column":23},"end":{"line":17,"column":1}},"1":{"start":{"line":20,"column":12},"end":{"line":20,"column":41}},"2":{"start":{"line":22,"column":13},"end":{"line":22,"column":25}},"3":{"start":{"line":23,"column":0},"end":{"line":23,"column":46}},"4":{"start":{"line":25,"column":23},"end":{"line":25,"column":47}},"5":{"start":{"line":27,"column":11},"end":{"line":27,"column":28}},"6":{"start":{"line":28,"column":13},"end":{"line":28,"column":29}},"7":{"start":{"line":29,"column":16},"end":{"line":29,"column":31}}},"fnMap":{},"branchMap":{},"s":{"0":0,"1":0,"2":0,"3":0,"4":0,"5":0,"6":0,"7":0},"f":{},"b":{}}
,"C:\\Users\\MTG\\Desktop\\v0.9\\apps\\client\\src\\index.js": {"path":"C:\\Users\\MTG\\Desktop\\v0.9\\apps\\client\\src\\index.js","statementMap":{"0":{"start":{"line":22,"column":0},"end":{"line":38,"column":2}}},"fnMap":{},"branchMap":{},"s":{"0":0},"f":{},"b":{}}
,"C:\\Users\\MTG\\Desktop\\v0.9\\apps\\client\\src\\reportWebVitals.js": {"path":"C:\\Users\\MTG\\Desktop\\v0.9\\apps\\client\\src\\reportWebVitals.js","statementMap":{"0":{"start":{"line":7,"column":24},"end":{"line":25,"column":3}},"1":{"start":{"line":10,"column":4},"end":{"line":24,"column":5}},"2":{"start":{"line":12,"column":6},"end":{"line":23,"column":9}},"3":{"start":{"line":14,"column":8},"end":{"line":14,"column":28}},"4":{"start":{"line":16,"column":8},"end":{"line":16,"column":28}},"5":{"start":{"line":18,"column":8},"end":{"line":18,"column":28}},"6":{"start":{"line":20,"column":8},"end":{"line":20,"column":28}},"7":{"start":{"line":22,"column":8},"end":{"line":22,"column":29}}},"fnMap":{"0":{"name":"(anonymous_0)","decl":{"start":{"line":7,"column":24},"end":{"line":7,"column":25}},"loc":{"start":{"line":7,"column":39},"end":{"line":25,"column":3}},"line":7},"1":{"name":"(anonymous_1)","decl":{"start":{"line":12,"column":32},"end":{"line":12,"column":33}},"loc":{"start":{"line":12,"column":81},"end":{"line":23,"column":7}},"line":12}},"branchMap":{"0":{"loc":{"start":{"line":10,"column":4},"end":{"line":24,"column":5}},"type":"if","locations":[{"start":{"line":10,"column":4},"end":{"line":24,"column":5}},{"start":{},"end":{}}],"line":10},"1":{"loc":{"start":{"line":10,"column":8},"end":{"line":10,"column":54}},"type":"binary-expr","locations":[{"start":{"line":10,"column":8},"end":{"line":10,"column":19}},{"start":{"line":10,"column":23},"end":{"line":10,"column":54}}],"line":10}},"s":{"0":0,"1":0,"2":0,"3":0,"4":0,"5":0,"6":0,"7":0},"f":{"0":0,"1":0},"b":{"0":[0,0],"1":[0,0]}}
,"C:\\Users\\MTG\\Desktop\\v0.9\\apps\\client\\src\\setupProxy.js": {"path":"C:\\Users\\MTG\\Desktop\\v0.9\\apps\\client\\src\\setupProxy.js","statementMap":{"0":{"start":{"line":1,"column":34},"end":{"line":1,"column":66}},"1":{"start":{"line":3,"column":0},"end":{"line":15,"column":2}},"2":{"start":{"line":5,"column":21},"end":{"line":5,"column":52}},"3":{"start":{"line":7,"column":2},"end":{"line":14,"column":4}}},"fnMap":{"0":{"name":"(anonymous_0)","decl":{"start":{"line":3,"column":17},"end":{"line":3,"column":18}},"loc":{"start":{"line":3,"column":31},"end":{"line":15,"column":1}},"line":3}},"branchMap":{"0":{"loc":{"start":{"line":5,"column":21},"end":{"line":5,"column":52}},"type":"binary-expr","locations":[{"start":{"line":5,"column":21},"end":{"line":5,"column":44}},{"start":{"line":5,"column":48},"end":{"line":5,"column":52}}],"line":5}},"s":{"0":0,"1":0,"2":0,"3":0},"f":{"0":0},"b":{"0":[0,0]}}
,"C:\\Users\\MTG\\Desktop\\v0.9\\apps\\client\\src\\theme.js": {"path":"C:\\Users\\MTG\\Desktop\\v0.9\\apps\\client\\src\\theme.js","statementMap":{"0":{"start":{"line":4,"column":14},"end":{"line":33,"column":2}}},"fnMap":{},"branchMap":{},"s":{"0":0},"f":{},"b":{}}
,"C:\\Users\\MTG\\Desktop\\v0.9\\apps\\client\\src\\components\\AchievementsPlaceholder.js": {"path":"C:\\Users\\MTG\\Desktop\\v0.9\\apps\\client\\src\\components\\AchievementsPlaceholder.js","statementMap":{"0":{"start":{"line":13,"column":16},"end":{"line":13,"column":32}},"1":{"start":{"line":14,"column":2},"end":{"line":19,"column":4}}},"fnMap":{"0":{"name":"AchievementsPlaceholder","decl":{"start":{"line":12,"column":9},"end":{"line":12,"column":32}},"loc":{"start":{"line":12,"column":35},"end":{"line":20,"column":1}},"line":12}},"branchMap":{},"s":{"0":0,"1":0},"f":{"0":0},"b":{}}
,"C:\\Users\\MTG\\Desktop\\v0.9\\apps\\client\\src\\components\\ChatCore.js": {"path":"C:\\Users\\MTG\\Desktop\\v0.9\\apps\\client\\src\\components\\ChatCore.js","statementMap":{"0":{"start":{"line":13,"column":24},"end":{"line":13,"column":43}},"1":{"start":{"line":16,"column":16},"end":{"line":16,"column":26}},"2":{"start":{"line":17,"column":16},"end":{"line":17,"column":32}},"3":{"start":{"line":18,"column":15},"end":{"line":18,"column":24}},"4":{"start":{"line":19,"column":81},"end":{"line":19,"column":94}},"5":{"start":{"line":20,"column":46},"end":{"line":20,"column":71}},"6":{"start":{"line":21,"column":112},"end":{"line":21,"column":143}},"7":{"start":{"line":22,"column":26},"end":{"line":22,"column":38}},"8":{"start":{"line":23,"column":46},"end":{"line":23,"column":60}},"9":{"start":{"line":24,"column":25},"end":{"line":24,"column":37}},"10":{"start":{"line":26,"column":2},"end":{"line":28,"column":33}},"11":{"start":{"line":27,"column":4},"end":{"line":27,"column":67}},"12":{"start":{"line":30,"column":21},"end":{"line":34,"column":31}},"13":{"start":{"line":31,"column":4},"end":{"line":31,"column":43}},"14":{"start":{"line":31,"column":36},"end":{"line":31,"column":43}},"15":{"start":{"line":32,"column":4},"end":{"line":32,"column":29}},"16":{"start":{"line":33,"column":4},"end":{"line":33,"column":16}},"17":{"start":{"line":36,"column":22},"end":{"line":36,"column":92}},"18":{"start":{"line":36,"column":45},"end":{"line":36,"column":90}},"19":{"start":{"line":37,"column":24},"end":{"line":37,"column":132}},"20":{"start":{"line":37,"column":34},"end":{"line":37,"column":130}},"21":{"start":{"line":37,"column":110},"end":{"line":37,"column":128}},"22":{"start":{"line":39,"column":2},"end":{"line":168,"column":4}},"23":{"start":{"line":51,"column":92},"end":{"line":51,"column":126}},"24":{"start":{"line":57,"column":32},"end":{"line":57,"column":78}},"25":{"start":{"line":57,"column":62},"end":{"line":57,"column":77}},"26":{"start":{"line":58,"column":29},"end":{"line":58,"column":118}},"27":{"start":{"line":59,"column":33},"end":{"line":59,"column":38}},"28":{"start":{"line":60,"column":16},"end":{"line":72,"column":18}},"29":{"start":{"line":62,"column":90},"end":{"line":62,"column":116}},"30":{"start":{"line":82,"column":125},"end":{"line":82,"column":148}},"31":{"start":{"line":89,"column":28},"end":{"line":89,"column":53}},"32":{"start":{"line":90,"column":32},"end":{"line":92,"column":92}},"33":{"start":{"line":93,"column":36},"end":{"line":93,"column":91}},"34":{"start":{"line":94,"column":14},"end":{"line":129,"column":16}},"35":{"start":{"line":119,"column":64},"end":{"line":119,"column":93}},"36":{"start":{"line":122,"column":64},"end":{"line":122,"column":85}},"37":{"start":{"line":135,"column":91},"end":{"line":135,"column":114}},"38":{"start":{"line":135,"column":133},"end":{"line":135,"column":203}},"39":{"start":{"line":143,"column":36},"end":{"line":143,"column":59}},"40":{"start":{"line":150,"column":29},"end":{"line":150,"column":91}},"41":{"start":{"line":154,"column":35},"end":{"line":154,"column":58}},"42":{"start":{"line":157,"column":16},"end":{"line":157,"column":68}},"43":{"start":{"line":158,"column":16},"end":{"line":158,"column":40}}},"fnMap":{"0":{"name":"ChatCore","decl":{"start":{"line":15,"column":24},"end":{"line":15,"column":32}},"loc":{"start":{"line":15,"column":35},"end":{"line":169,"column":1}},"line":15},"1":{"name":"(anonymous_1)","decl":{"start":{"line":26,"column":12},"end":{"line":26,"column":13}},"loc":{"start":{"line":26,"column":18},"end":{"line":28,"column":3}},"line":26},"2":{"name":"(anonymous_2)","decl":{"start":{"line":30,"column":33},"end":{"line":30,"column":34}},"loc":{"start":{"line":30,"column":39},"end":{"line":34,"column":3}},"line":30},"3":{"name":"(anonymous_3)","decl":{"start":{"line":36,"column":22},"end":{"line":36,"column":23}},"loc":{"start":{"line":36,"column":43},"end":{"line":36,"column":92}},"line":36},"4":{"name":"(anonymous_4)","decl":{"start":{"line":37,"column":24},"end":{"line":37,"column":25}},"loc":{"start":{"line":37,"column":32},"end":{"line":37,"column":132}},"line":37},"5":{"name":"(anonymous_5)","decl":{"start":{"line":51,"column":86},"end":{"line":51,"column":87}},"loc":{"start":{"line":51,"column":92},"end":{"line":51,"column":126}},"line":51},"6":{"name":"(anonymous_6)","decl":{"start":{"line":56,"column":25},"end":{"line":56,"column":26}},"loc":{"start":{"line":56,"column":33},"end":{"line":73,"column":15}},"line":56},"7":{"name":"(anonymous_7)","decl":{"start":{"line":57,"column":56},"end":{"line":57,"column":57}},"loc":{"start":{"line":57,"column":62},"end":{"line":57,"column":77}},"line":57},"8":{"name":"(anonymous_8)","decl":{"start":{"line":62,"column":84},"end":{"line":62,"column":85}},"loc":{"start":{"line":62,"column":90},"end":{"line":62,"column":116}},"line":62},"9":{"name":"(anonymous_9)","decl":{"start":{"line":82,"column":120},"end":{"line":82,"column":121}},"loc":{"start":{"line":82,"column":125},"end":{"line":82,"column":148}},"line":82},"10":{"name":"(anonymous_10)","decl":{"start":{"line":88,"column":25},"end":{"line":88,"column":26}},"loc":{"start":{"line":88,"column":32},"end":{"line":130,"column":13}},"line":88},"11":{"name":"(anonymous_11)","decl":{"start":{"line":119,"column":58},"end":{"line":119,"column":59}},"loc":{"start":{"line":119,"column":64},"end":{"line":119,"column":93}},"line":119},"12":{"name":"(anonymous_12)","decl":{"start":{"line":122,"column":58},"end":{"line":122,"column":59}},"loc":{"start":{"line":122,"column":64},"end":{"line":122,"column":85}},"line":122},"13":{"name":"(anonymous_13)","decl":{"start":{"line":135,"column":86},"end":{"line":135,"column":87}},"loc":{"start":{"line":135,"column":91},"end":{"line":135,"column":114}},"line":135},"14":{"name":"(anonymous_14)","decl":{"start":{"line":135,"column":128},"end":{"line":135,"column":129}},"loc":{"start":{"line":135,"column":133},"end":{"line":135,"column":203}},"line":135},"15":{"name":"(anonymous_15)","decl":{"start":{"line":143,"column":30},"end":{"line":143,"column":31}},"loc":{"start":{"line":143,"column":36},"end":{"line":143,"column":59}},"line":143},"16":{"name":"(anonymous_16)","decl":{"start":{"line":150,"column":24},"end":{"line":150,"column":25}},"loc":{"start":{"line":150,"column":29},"end":{"line":150,"column":91}},"line":150},"17":{"name":"(anonymous_17)","decl":{"start":{"line":154,"column":29},"end":{"line":154,"column":30}},"loc":{"start":{"line":154,"column":35},"end":{"line":154,"column":58}},"line":154},"18":{"name":"(anonymous_18)","decl":{"start":{"line":156,"column":23},"end":{"line":156,"column":24}},"loc":{"start":{"line":156,"column":29},"end":{"line":159,"column":15}},"line":156}},"branchMap":{"0":{"loc":{"start":{"line":31,"column":4},"end":{"line":31,"column":43}},"type":"if","locations":[{"start":{"line":31,"column":4},"end":{"line":31,"column":43}},{"start":{},"end":{}}],"line":31},"1":{"loc":{"start":{"line":31,"column":8},"end":{"line":31,"column":34}},"type":"binary-expr","locations":[{"start":{"line":31,"column":8},"end":{"line":31,"column":20}},{"start":{"line":31,"column":24},"end":{"line":31,"column":34}}],"line":31},"2":{"loc":{"start":{"line":37,"column":34},"end":{"line":37,"column":130}},"type":"if","locations":[{"start":{"line":37,"column":34},"end":{"line":37,"column":130}},{"start":{},"end":{}}],"line":37},"3":{"loc":{"start":{"line":47,"column":11},"end":{"line":75,"column":11}},"type":"cond-expr","locations":[{"start":{"line":48,"column":12},"end":{"line":48,"column":100}},{"start":{"line":50,"column":12},"end":{"line":74,"column":19}}],"line":47},"4":{"loc":{"start":{"line":58,"column":29},"end":{"line":58,"column":118}},"type":"binary-expr","locations":[{"start":{"line":58,"column":29},"end":{"line":58,"column":38}},{"start":{"line":58,"column":43},"end":{"line":58,"column":117}}],"line":58},"5":{"loc":{"start":{"line":58,"column":43},"end":{"line":58,"column":117}},"type":"cond-expr","locations":[{"start":{"line":58,"column":53},"end":{"line":58,"column":75}},{"start":{"line":58,"column":78},"end":{"line":58,"column":117}}],"line":58},"6":{"loc":{"start":{"line":64,"column":71},"end":{"line":64,"column":103}},"type":"cond-expr","locations":[{"start":{"line":64,"column":82},"end":{"line":64,"column":91}},{"start":{"line":64,"column":94},"end":{"line":64,"column":103}}],"line":64},"7":{"loc":{"start":{"line":65,"column":49},"end":{"line":65,"column":130}},"type":"cond-expr","locations":[{"start":{"line":65,"column":78},"end":{"line":65,"column":104}},{"start":{"line":65,"column":107},"end":{"line":65,"column":130}}],"line":65},"8":{"loc":{"start":{"line":68,"column":104},"end":{"line":68,"column":176}},"type":"binary-expr","locations":[{"start":{"line":68,"column":104},"end":{"line":68,"column":126}},{"start":{"line":68,"column":130},"end":{"line":68,"column":176}}],"line":68},"9":{"loc":{"start":{"line":82,"column":36},"end":{"line":82,"column":162}},"type":"cond-expr","locations":[{"start":{"line":82,"column":73},"end":{"line":82,"column":105}},{"start":{"line":82,"column":109},"end":{"line":82,"column":161}}],"line":82},"10":{"loc":{"start":{"line":82,"column":109},"end":{"line":82,"column":161}},"type":"binary-expr","locations":[{"start":{"line":82,"column":109},"end":{"line":82,"column":155}},{"start":{"line":82,"column":159},"end":{"line":82,"column":161}}],"line":82},"11":{"loc":{"start":{"line":85,"column":11},"end":{"line":131,"column":11}},"type":"cond-expr","locations":[{"start":{"line":86,"column":12},"end":{"line":86,"column":42}},{"start":{"line":88,"column":12},"end":{"line":130,"column":14}}],"line":85},"12":{"loc":{"start":{"line":90,"column":32},"end":{"line":92,"column":92}},"type":"cond-expr","locations":[{"start":{"line":91,"column":18},"end":{"line":91,"column":40}},{"start":{"line":92,"column":19},"end":{"line":92,"column":91}}],"line":90},"13":{"loc":{"start":{"line":92,"column":19},"end":{"line":92,"column":91}},"type":"cond-expr","locations":[{"start":{"line":92,"column":43},"end":{"line":92,"column":65}},{"start":{"line":92,"column":68},"end":{"line":92,"column":91}}],"line":92},"14":{"loc":{"start":{"line":93,"column":36},"end":{"line":93,"column":91}},"type":"cond-expr","locations":[{"start":{"line":93,"column":48},"end":{"line":93,"column":86}},{"start":{"line":93,"column":89},"end":{"line":93,"column":91}}],"line":93},"15":{"loc":{"start":{"line":97,"column":56},"end":{"line":97,"column":89}},"type":"cond-expr","locations":[{"start":{"line":97,"column":64},"end":{"line":97,"column":74}},{"start":{"line":97,"column":77},"end":{"line":97,"column":89}}],"line":97},"16":{"loc":{"start":{"line":101,"column":31},"end":{"line":101,"column":91}},"type":"cond-expr","locations":[{"start":{"line":101,"column":39},"end":{"line":101,"column":65}},{"start":{"line":101,"column":68},"end":{"line":101,"column":91}}],"line":101},"17":{"loc":{"start":{"line":102,"column":29},"end":{"line":102,"column":54}},"type":"cond-expr","locations":[{"start":{"line":102,"column":37},"end":{"line":102,"column":44}},{"start":{"line":102,"column":47},"end":{"line":102,"column":54}}],"line":102},"18":{"loc":{"start":{"line":105,"column":43},"end":{"line":105,"column":65}},"type":"cond-expr","locations":[{"start":{"line":105,"column":51},"end":{"line":105,"column":57}},{"start":{"line":105,"column":60},"end":{"line":105,"column":65}}],"line":105},"19":{"loc":{"start":{"line":106,"column":44},"end":{"line":106,"column":66}},"type":"cond-expr","locations":[{"start":{"line":106,"column":52},"end":{"line":106,"column":57}},{"start":{"line":106,"column":60},"end":{"line":106,"column":66}}],"line":106},"20":{"loc":{"start":{"line":115,"column":23},"end":{"line":115,"column":107}},"type":"cond-expr","locations":[{"start":{"line":115,"column":39},"end":{"line":115,"column":96}},{"start":{"line":115,"column":99},"end":{"line":115,"column":107}}],"line":115},"21":{"loc":{"start":{"line":117,"column":21},"end":{"line":126,"column":21}},"type":"binary-expr","locations":[{"start":{"line":117,"column":21},"end":{"line":117,"column":35}},{"start":{"line":117,"column":39},"end":{"line":117,"column":44}},{"start":{"line":118,"column":22},"end":{"line":125,"column":28}}],"line":117},"22":{"loc":{"start":{"line":135,"column":133},"end":{"line":135,"column":203}},"type":"binary-expr","locations":[{"start":{"line":135,"column":133},"end":{"line":135,"column":150}},{"start":{"line":135,"column":154},"end":{"line":135,"column":165}},{"start":{"line":135,"column":170},"end":{"line":135,"column":202}}],"line":135},"23":{"loc":{"start":{"line":142,"column":7},"end":{"line":166,"column":7}},"type":"binary-expr","locations":[{"start":{"line":142,"column":7},"end":{"line":142,"column":21}},{"start":{"line":143,"column":8},"end":{"line":165,"column":17}}],"line":142}},"s":{"0":0,"1":0,"2":0,"3":0,"4":0,"5":0,"6":0,"7":0,"8":0,"9":0,"10":0,"11":0,"12":0,"13":0,"14":0,"15":0,"16":0,"17":0,"18":0,"19":0,"20":0,"21":0,"22":0,"23":0,"24":0,"25":0,"26":0,"27":0,"28":0,"29":0,"30":0,"31":0,"32":0,"33":0,"34":0,"35":0,"36":0,"37":0,"38":0,"39":0,"40":0,"41":0,"42":0,"43":0},"f":{"0":0,"1":0,"2":0,"3":0,"4":0,"5":0,"6":0,"7":0,"8":0,"9":0,"10":0,"11":0,"12":0,"13":0,"14":0,"15":0,"16":0,"17":0,"18":0},"b":{"0":[0,0],"1":[0,0],"2":[0,0],"3":[0,0],"4":[0,0],"5":[0,0],"6":[0,0],"7":[0,0],"8":[0,0],"9":[0,0],"10":[0,0],"11":[0,0],"12":[0,0],"13":[0,0],"14":[0,0],"15":[0,0],"16":[0,0],"17":[0,0],"18":[0,0],"19":[0,0],"20":[0,0],"21":[0,0,0],"22":[0,0,0],"23":[0,0]}}
,"C:\\Users\\MTG\\Desktop\\v0.9\\apps\\client\\src\\components\\ChatPlaceholder.js": {"path":"C:\\Users\\MTG\\Desktop\\v0.9\\apps\\client\\src\\components\\ChatPlaceholder.js","statementMap":{"0":{"start":{"line":11,"column":2},"end":{"line":17,"column":4}}},"fnMap":{"0":{"name":"ChatPlaceholder","decl":{"start":{"line":10,"column":9},"end":{"line":10,"column":24}},"loc":{"start":{"line":10,"column":58},"end":{"line":18,"column":1}},"line":10}},"branchMap":{"0":{"loc":{"start":{"line":10,"column":27},"end":{"line":10,"column":54}},"type":"default-arg","locations":[{"start":{"line":10,"column":37},"end":{"line":10,"column":54}}],"line":10}},"s":{"0":0},"f":{"0":0},"b":{"0":[0]}}
,"C:\\Users\\MTG\\Desktop\\v0.9\\apps\\client\\src\\components\\GameListItem.js": {"path":"C:\\Users\\MTG\\Desktop\\v0.9\\apps\\client\\src\\components\\GameListItem.js","statementMap":{"0":{"start":{"line":15,"column":2},"end":{"line":32,"column":4}}},"fnMap":{"0":{"name":"GameListItem","decl":{"start":{"line":14,"column":9},"end":{"line":14,"column":21}},"loc":{"start":{"line":14,"column":32},"end":{"line":33,"column":1}},"line":14}},"branchMap":{},"s":{"0":0},"f":{"0":0},"b":{}}
,"C:\\Users\\MTG\\Desktop\\v0.9\\apps\\client\\src\\components\\GameMenu.js": {"path":"C:\\Users\\MTG\\Desktop\\v0.9\\apps\\client\\src\\components\\GameMenu.js","statementMap":{"0":{"start":{"line":5,"column":14},"end":{"line":20,"column":1}},"1":{"start":{"line":22,"column":24},"end":{"line":58,"column":1}},"2":{"start":{"line":23,"column":19},"end":{"line":23,"column":32}},"3":{"start":{"line":25,"column":2},"end":{"line":57,"column":4}},"4":{"start":{"line":28,"column":8},"end":{"line":54,"column":15}},"5":{"start":{"line":48,"column":31},"end":{"line":48,"column":50}}},"fnMap":{"0":{"name":"(anonymous_0)","decl":{"start":{"line":22,"column":24},"end":{"line":22,"column":25}},"loc":{"start":{"line":22,"column":30},"end":{"line":58,"column":1}},"line":22},"1":{"name":"(anonymous_1)","decl":{"start":{"line":27,"column":17},"end":{"line":27,"column":18}},"loc":{"start":{"line":28,"column":8},"end":{"line":54,"column":15}},"line":28},"2":{"name":"(anonymous_2)","decl":{"start":{"line":48,"column":25},"end":{"line":48,"column":26}},"loc":{"start":{"line":48,"column":31},"end":{"line":48,"column":50}},"line":48}},"branchMap":{},"s":{"0":0,"1":0,"2":0,"3":0,"4":0,"5":0},"f":{"0":0,"1":0,"2":0},"b":{}}
,"C:\\Users\\MTG\\Desktop\\v0.9\\apps\\client\\src\\components\\LanguageSelector.js": {"path":"C:\\Users\\MTG\\Desktop\\v0.9\\apps\\client\\src\\components\\LanguageSelector.js","statementMap":{"0":{"start":{"line":13,"column":19},"end":{"line":13,"column":35}},"1":{"start":{"line":15,"column":25},"end":{"line":18,"column":3}},"2":{"start":{"line":16,"column":4},"end":{"line":16,"column":29}},"3":{"start":{"line":17,"column":4},"end":{"line":17,"column":40}},"4":{"start":{"line":20,"column":2},"end":{"line":25,"column":4}},"5":{"start":{"line":22,"column":29},"end":{"line":22,"column":49}},"6":{"start":{"line":23,"column":29},"end":{"line":23,"column":49}}},"fnMap":{"0":{"name":"LanguageSelector","decl":{"start":{"line":12,"column":9},"end":{"line":12,"column":25}},"loc":{"start":{"line":12,"column":28},"end":{"line":26,"column":1}},"line":12},"1":{"name":"(anonymous_1)","decl":{"start":{"line":15,"column":25},"end":{"line":15,"column":26}},"loc":{"start":{"line":15,"column":34},"end":{"line":18,"column":3}},"line":15},"2":{"name":"(anonymous_2)","decl":{"start":{"line":22,"column":23},"end":{"line":22,"column":24}},"loc":{"start":{"line":22,"column":29},"end":{"line":22,"column":49}},"line":22},"3":{"name":"(anonymous_3)","decl":{"start":{"line":23,"column":23},"end":{"line":23,"column":24}},"loc":{"start":{"line":23,"column":29},"end":{"line":23,"column":49}},"line":23}},"branchMap":{},"s":{"0":0,"1":0,"2":0,"3":0,"4":0,"5":0,"6":0},"f":{"0":0,"1":0,"2":0,"3":0},"b":{}}
,"C:\\Users\\MTG\\Desktop\\v0.9\\apps\\client\\src\\components\\Layout.js": {"path":"C:\\Users\\MTG\\Desktop\\v0.9\\apps\\client\\src\\components\\Layout.js","statementMap":{"0":{"start":{"line":9,"column":2},"end":{"line":9,"column":16}},"1":{"start":{"line":10,"column":16},"end":{"line":10,"column":26}},"2":{"start":{"line":11,"column":19},"end":{"line":11,"column":62}},"3":{"start":{"line":12,"column":40},"end":{"line":12,"column":55}},"4":{"start":{"line":14,"column":29},"end":{"line":16,"column":3}},"5":{"start":{"line":15,"column":4},"end":{"line":15,"column":33}},"6":{"start":{"line":18,"column":2},"end":{"line":43,"column":4}}},"fnMap":{"0":{"name":"Layout","decl":{"start":{"line":8,"column":9},"end":{"line":8,"column":15}},"loc":{"start":{"line":8,"column":18},"end":{"line":44,"column":1}},"line":8},"1":{"name":"(anonymous_1)","decl":{"start":{"line":14,"column":29},"end":{"line":14,"column":30}},"loc":{"start":{"line":14,"column":35},"end":{"line":16,"column":3}},"line":14}},"branchMap":{},"s":{"0":0,"1":0,"2":0,"3":0,"4":0,"5":0,"6":0},"f":{"0":0,"1":0},"b":{}}
,"C:\\Users\\MTG\\Desktop\\v0.9\\apps\\client\\src\\components\\LobbyListItem.js": {"path":"C:\\Users\\MTG\\Desktop\\v0.9\\apps\\client\\src\\components\\LobbyListItem.js","statementMap":{"0":{"start":{"line":8,"column":26},"end":{"line":8,"column":41}},"1":{"start":{"line":9,"column":34},"end":{"line":9,"column":46}},"2":{"start":{"line":11,"column":21},"end":{"line":20,"column":3}},"3":{"start":{"line":12,"column":4},"end":{"line":18,"column":5}},"4":{"start":{"line":13,"column":6},"end":{"line":13,"column":43}},"5":{"start":{"line":16,"column":6},"end":{"line":16,"column":53}},"6":{"start":{"line":17,"column":6},"end":{"line":17,"column":68}},"7":{"start":{"line":19,"column":4},"end":{"line":19,"column":19}},"8":{"start":{"line":22,"column":2},"end":{"line":48,"column":4}},"9":{"start":{"line":24,"column":48},"end":{"line":24,"column":61}},"10":{"start":{"line":27,"column":41},"end":{"line":27,"column":55}},"11":{"start":{"line":36,"column":29},"end":{"line":36,"column":56}},"12":{"start":{"line":41,"column":33},"end":{"line":41,"column":47}}},"fnMap":{"0":{"name":"LobbyListItem","decl":{"start":{"line":7,"column":9},"end":{"line":7,"column":22}},"loc":{"start":{"line":7,"column":34},"end":{"line":49,"column":1}},"line":7},"1":{"name":"(anonymous_1)","decl":{"start":{"line":11,"column":21},"end":{"line":11,"column":22}},"loc":{"start":{"line":11,"column":33},"end":{"line":20,"column":3}},"line":11},"2":{"name":"(anonymous_2)","decl":{"start":{"line":24,"column":42},"end":{"line":24,"column":43}},"loc":{"start":{"line":24,"column":48},"end":{"line":24,"column":61}},"line":24},"3":{"name":"(anonymous_3)","decl":{"start":{"line":27,"column":35},"end":{"line":27,"column":36}},"loc":{"start":{"line":27,"column":41},"end":{"line":27,"column":55}},"line":27},"4":{"name":"(anonymous_4)","decl":{"start":{"line":36,"column":24},"end":{"line":36,"column":25}},"loc":{"start":{"line":36,"column":29},"end":{"line":36,"column":56}},"line":36},"5":{"name":"(anonymous_5)","decl":{"start":{"line":41,"column":27},"end":{"line":41,"column":28}},"loc":{"start":{"line":41,"column":33},"end":{"line":41,"column":47}},"line":41}},"branchMap":{"0":{"loc":{"start":{"line":17,"column":12},"end":{"line":17,"column":66}},"type":"binary-expr","locations":[{"start":{"line":17,"column":12},"end":{"line":17,"column":39}},{"start":{"line":17,"column":43},"end":{"line":17,"column":66}}],"line":17},"1":{"loc":{"start":{"line":30,"column":11},"end":{"line":38,"column":11}},"type":"binary-expr","locations":[{"start":{"line":30,"column":11},"end":{"line":30,"column":25}},{"start":{"line":31,"column":12},"end":{"line":37,"column":14}}],"line":30}},"s":{"0":0,"1":0,"2":0,"3":0,"4":0,"5":0,"6":0,"7":0,"8":0,"9":0,"10":0,"11":0,"12":0},"f":{"0":0,"1":0,"2":0,"3":0,"4":0,"5":0},"b":{"0":[0,0],"1":[0,0]}}
,"C:\\Users\\MTG\\Desktop\\v0.9\\apps\\client\\src\\components\\Navbar.js": {"path":"C:\\Users\\MTG\\Desktop\\v0.9\\apps\\client\\src\\components\\Navbar.js","statementMap":{"0":{"start":{"line":47,"column":16},"end":{"line":47,"column":32}},"1":{"start":{"line":48,"column":40},"end":{"line":48,"column":56}},"2":{"start":{"line":49,"column":27},"end":{"line":49,"column":50}},"3":{"start":{"line":50,"column":19},"end":{"line":50,"column":32}},"4":{"start":{"line":51,"column":19},"end":{"line":51,"column":32}},"5":{"start":{"line":52,"column":27},"end":{"line":52,"column":85}},"6":{"start":{"line":53,"column":34},"end":{"line":53,"column":54}},"7":{"start":{"line":54,"column":38},"end":{"line":54,"column":53}},"8":{"start":{"line":55,"column":19},"end":{"line":55,"column":32}},"9":{"start":{"line":56,"column":19},"end":{"line":56,"column":65}},"10":{"start":{"line":58,"column":21},"end":{"line":60,"column":3}},"11":{"start":{"line":59,"column":4},"end":{"line":59,"column":37}},"12":{"start":{"line":62,"column":22},"end":{"line":64,"column":3}},"13":{"start":{"line":63,"column":4},"end":{"line":63,"column":22}},"14":{"start":{"line":66,"column":23},"end":{"line":74,"column":3}},"15":{"start":{"line":67,"column":4},"end":{"line":67,"column":18}},"16":{"start":{"line":68,"column":4},"end":{"line":72,"column":5}},"17":{"start":{"line":69,"column":6},"end":{"line":69,"column":21}},"18":{"start":{"line":71,"column":6},"end":{"line":71,"column":40}},"19":{"start":{"line":73,"column":4},"end":{"line":73,"column":23}},"20":{"start":{"line":76,"column":2},"end":{"line":248,"column":4}},"21":{"start":{"line":80,"column":66},"end":{"line":80,"column":85}},"22":{"start":{"line":99,"column":39},"end":{"line":99,"column":110}},"23":{"start":{"line":107,"column":39},"end":{"line":107,"column":110}},"24":{"start":{"line":115,"column":39},"end":{"line":115,"column":110}},"25":{"start":{"line":123,"column":39},"end":{"line":123,"column":110}},"26":{"start":{"line":157,"column":18},"end":{"line":157,"column":32}},"27":{"start":{"line":158,"column":18},"end":{"line":158,"column":49}},"28":{"start":{"line":165,"column":18},"end":{"line":165,"column":32}},"29":{"start":{"line":166,"column":18},"end":{"line":166,"column":39}},"30":{"start":{"line":173,"column":18},"end":{"line":173,"column":32}},"31":{"start":{"line":174,"column":18},"end":{"line":174,"column":40}},"32":{"start":{"line":197,"column":25},"end":{"line":197,"column":45}},"33":{"start":{"line":198,"column":24},"end":{"line":198,"column":43}},"34":{"start":{"line":200,"column":70},"end":{"line":200,"column":90}},"35":{"start":{"line":200,"column":109},"end":{"line":200,"column":129}}},"fnMap":{"0":{"name":"Navbar","decl":{"start":{"line":46,"column":9},"end":{"line":46,"column":15}},"loc":{"start":{"line":46,"column":18},"end":{"line":249,"column":1}},"line":46},"1":{"name":"(anonymous_1)","decl":{"start":{"line":58,"column":21},"end":{"line":58,"column":22}},"loc":{"start":{"line":58,"column":32},"end":{"line":60,"column":3}},"line":58},"2":{"name":"(anonymous_2)","decl":{"start":{"line":62,"column":22},"end":{"line":62,"column":23}},"loc":{"start":{"line":62,"column":28},"end":{"line":64,"column":3}},"line":62},"3":{"name":"(anonymous_3)","decl":{"start":{"line":66,"column":23},"end":{"line":66,"column":24}},"loc":{"start":{"line":66,"column":35},"end":{"line":74,"column":3}},"line":66},"4":{"name":"(anonymous_4)","decl":{"start":{"line":80,"column":60},"end":{"line":80,"column":61}},"loc":{"start":{"line":80,"column":66},"end":{"line":80,"column":85}},"line":80},"5":{"name":"(anonymous_5)","decl":{"start":{"line":99,"column":21},"end":{"line":99,"column":22}},"loc":{"start":{"line":99,"column":39},"end":{"line":99,"column":110}},"line":99},"6":{"name":"(anonymous_6)","decl":{"start":{"line":107,"column":21},"end":{"line":107,"column":22}},"loc":{"start":{"line":107,"column":39},"end":{"line":107,"column":110}},"line":107},"7":{"name":"(anonymous_7)","decl":{"start":{"line":115,"column":21},"end":{"line":115,"column":22}},"loc":{"start":{"line":115,"column":39},"end":{"line":115,"column":110}},"line":115},"8":{"name":"(anonymous_8)","decl":{"start":{"line":123,"column":21},"end":{"line":123,"column":22}},"loc":{"start":{"line":123,"column":39},"end":{"line":123,"column":110}},"line":123},"9":{"name":"(anonymous_9)","decl":{"start":{"line":156,"column":25},"end":{"line":156,"column":26}},"loc":{"start":{"line":156,"column":31},"end":{"line":159,"column":17}},"line":156},"10":{"name":"(anonymous_10)","decl":{"start":{"line":164,"column":25},"end":{"line":164,"column":26}},"loc":{"start":{"line":164,"column":31},"end":{"line":167,"column":17}},"line":164},"11":{"name":"(anonymous_11)","decl":{"start":{"line":172,"column":25},"end":{"line":172,"column":26}},"loc":{"start":{"line":172,"column":31},"end":{"line":175,"column":17}},"line":172},"12":{"name":"(anonymous_12)","decl":{"start":{"line":197,"column":19},"end":{"line":197,"column":20}},"loc":{"start":{"line":197,"column":25},"end":{"line":197,"column":45}},"line":197},"13":{"name":"(anonymous_13)","decl":{"start":{"line":198,"column":18},"end":{"line":198,"column":19}},"loc":{"start":{"line":198,"column":24},"end":{"line":198,"column":43}},"line":198},"14":{"name":"(anonymous_14)","decl":{"start":{"line":200,"column":64},"end":{"line":200,"column":65}},"loc":{"start":{"line":200,"column":70},"end":{"line":200,"column":90}},"line":200},"15":{"name":"(anonymous_15)","decl":{"start":{"line":200,"column":103},"end":{"line":200,"column":104}},"loc":{"start":{"line":200,"column":109},"end":{"line":200,"column":129}},"line":200}},"branchMap":{"0":{"loc":{"start":{"line":52,"column":27},"end":{"line":52,"column":85}},"type":"binary-expr","locations":[{"start":{"line":52,"column":27},"end":{"line":52,"column":52}},{"start":{"line":52,"column":56},"end":{"line":52,"column":85}}],"line":52},"1":{"loc":{"start":{"line":79,"column":9},"end":{"line":83,"column":9}},"type":"binary-expr","locations":[{"start":{"line":79,"column":9},"end":{"line":79,"column":17}},{"start":{"line":80,"column":10},"end":{"line":82,"column":23}}],"line":79},"2":{"loc":{"start":{"line":93,"column":9},"end":{"line":128,"column":9}},"type":"binary-expr","locations":[{"start":{"line":93,"column":9},"end":{"line":93,"column":18}},{"start":{"line":93,"column":22},"end":{"line":93,"column":26}},{"start":{"line":94,"column":10},"end":{"line":127,"column":16}}],"line":93},"3":{"loc":{"start":{"line":99,"column":39},"end":{"line":99,"column":110}},"type":"cond-expr","locations":[{"start":{"line":99,"column":50},"end":{"line":99,"column":105}},{"start":{"line":99,"column":108},"end":{"line":99,"column":110}}],"line":99},"4":{"loc":{"start":{"line":107,"column":39},"end":{"line":107,"column":110}},"type":"cond-expr","locations":[{"start":{"line":107,"column":50},"end":{"line":107,"column":105}},{"start":{"line":107,"column":108},"end":{"line":107,"column":110}}],"line":107},"5":{"loc":{"start":{"line":115,"column":39},"end":{"line":115,"column":110}},"type":"cond-expr","locations":[{"start":{"line":115,"column":50},"end":{"line":115,"column":105}},{"start":{"line":115,"column":108},"end":{"line":115,"column":110}}],"line":115},"6":{"loc":{"start":{"line":123,"column":39},"end":{"line":123,"column":110}},"type":"cond-expr","locations":[{"start":{"line":123,"column":50},"end":{"line":123,"column":105}},{"start":{"line":123,"column":108},"end":{"line":123,"column":110}}],"line":123},"7":{"loc":{"start":{"line":131,"column":11},"end":{"line":131,"column":78}},"type":"cond-expr","locations":[{"start":{"line":131,"column":37},"end":{"line":131,"column":56}},{"start":{"line":131,"column":59},"end":{"line":131,"column":78}}],"line":131},"8":{"loc":{"start":{"line":133,"column":9},"end":{"line":133,"column":60}},"type":"binary-expr","locations":[{"start":{"line":133,"column":9},"end":{"line":133,"column":13}},{"start":{"line":133,"column":17},"end":{"line":133,"column":34}},{"start":{"line":133,"column":38},"end":{"line":133,"column":60}}],"line":133},"9":{"loc":{"start":{"line":134,"column":9},"end":{"line":191,"column":9}},"type":"cond-expr","locations":[{"start":{"line":135,"column":10},"end":{"line":181,"column":16}},{"start":{"line":183,"column":10},"end":{"line":190,"column":13}}],"line":134},"10":{"loc":{"start":{"line":142,"column":15},"end":{"line":148,"column":15}},"type":"cond-expr","locations":[{"start":{"line":143,"column":16},"end":{"line":143,"column":110}},{"start":{"line":145,"column":16},"end":{"line":147,"column":25}}],"line":142},"11":{"loc":{"start":{"line":143,"column":49},"end":{"line":143,"column":75}},"type":"binary-expr","locations":[{"start":{"line":143,"column":49},"end":{"line":143,"column":65}},{"start":{"line":143,"column":69},"end":{"line":143,"column":75}}],"line":143},"12":{"loc":{"start":{"line":146,"column":19},"end":{"line":146,"column":98}},"type":"cond-expr","locations":[{"start":{"line":146,"column":38},"end":{"line":146,"column":78}},{"start":{"line":146,"column":81},"end":{"line":146,"column":98}}],"line":146},"13":{"loc":{"start":{"line":193,"column":7},"end":{"line":246,"column":7}},"type":"binary-expr","locations":[{"start":{"line":193,"column":7},"end":{"line":193,"column":15}},{"start":{"line":194,"column":8},"end":{"line":245,"column":26}}],"line":193},"14":{"loc":{"start":{"line":206,"column":15},"end":{"line":217,"column":15}},"type":"binary-expr","locations":[{"start":{"line":206,"column":15},"end":{"line":206,"column":20}},{"start":{"line":207,"column":16},"end":{"line":216,"column":19}}],"line":206},"15":{"loc":{"start":{"line":219,"column":15},"end":{"line":230,"column":15}},"type":"binary-expr","locations":[{"start":{"line":219,"column":15},"end":{"line":219,"column":19}},{"start":{"line":220,"column":16},"end":{"line":229,"column":19}}],"line":219}},"s":{"0":0,"1":0,"2":0,"3":0,"4":0,"5":0,"6":0,"7":0,"8":0,"9":0,"10":0,"11":0,"12":0,"13":0,"14":0,"15":0,"16":0,"17":0,"18":0,"19":0,"20":0,"21":0,"22":0,"23":0,"24":0,"25":0,"26":0,"27":0,"28":0,"29":0,"30":0,"31":0,"32":0,"33":0,"34":0,"35":0},"f":{"0":0,"1":0,"2":0,"3":0,"4":0,"5":0,"6":0,"7":0,"8":0,"9":0,"10":0,"11":0,"12":0,"13":0,"14":0,"15":0},"b":{"0":[0,0],"1":[0,0],"2":[0,0,0],"3":[0,0],"4":[0,0],"5":[0,0],"6":[0,0],"7":[0,0],"8":[0,0,0],"9":[0,0],"10":[0,0],"11":[0,0],"12":[0,0],"13":[0,0],"14":[0,0],"15":[0,0]}}
,"C:\\Users\\MTG\\Desktop\\v0.9\\apps\\client\\src\\components\\Notification.js": {"path":"C:\\Users\\MTG\\Desktop\\v0.9\\apps\\client\\src\\components\\Notification.js","statementMap":{"0":{"start":{"line":7,"column":2},"end":{"line":20,"column":4}}},"fnMap":{"0":{"name":"Notification","decl":{"start":{"line":6,"column":9},"end":{"line":6,"column":21}},"loc":{"start":{"line":6,"column":90},"end":{"line":21,"column":1}},"line":6}},"branchMap":{"0":{"loc":{"start":{"line":6,"column":39},"end":{"line":6,"column":56}},"type":"default-arg","locations":[{"start":{"line":6,"column":50},"end":{"line":6,"column":56}}],"line":6},"1":{"loc":{"start":{"line":6,"column":58},"end":{"line":6,"column":73}},"type":"default-arg","locations":[{"start":{"line":6,"column":69},"end":{"line":6,"column":73}}],"line":6}},"s":{"0":0},"f":{"0":0},"b":{"0":[0],"1":[0]}}
,"C:\\Users\\MTG\\Desktop\\v0.9\\apps\\client\\src\\components\\NotificationSystem.js": {"path":"C:\\Users\\MTG\\Desktop\\v0.9\\apps\\client\\src\\components\\NotificationSystem.js","statementMap":{"0":{"start":{"line":25,"column":35},"end":{"line":25,"column":50}},"1":{"start":{"line":28,"column":27},"end":{"line":33,"column":1}},"2":{"start":{"line":36,"column":44},"end":{"line":36,"column":56}},"3":{"start":{"line":37,"column":34},"end":{"line":37,"column":90}},"4":{"start":{"line":39,"column":26},"end":{"line":54,"column":3}},"5":{"start":{"line":40,"column":28},"end":{"line":45,"column":5}},"6":{"start":{"line":46,"column":4},"end":{"line":46,"column":57}},"7":{"start":{"line":46,"column":29},"end":{"line":46,"column":55}},"8":{"start":{"line":49,"column":4},"end":{"line":53,"column":7}},"9":{"start":{"line":56,"column":21},"end":{"line":62,"column":3}},"10":{"start":{"line":57,"column":4},"end":{"line":61,"column":6}},"11":{"start":{"line":58,"column":6},"end":{"line":60,"column":7}},"12":{"start":{"line":59,"column":8},"end":{"line":59,"column":70}},"13":{"start":{"line":64,"column":28},"end":{"line":66,"column":3}},"14":{"start":{"line":65,"column":4},"end":{"line":65,"column":80}},"15":{"start":{"line":65,"column":29},"end":{"line":65,"column":78}},"16":{"start":{"line":65,"column":50},"end":{"line":65,"column":77}},"17":{"start":{"line":68,"column":32},"end":{"line":70,"column":3}},"18":{"start":{"line":69,"column":4},"end":{"line":69,"column":25}},"19":{"start":{"line":72,"column":16},"end":{"line":78,"column":3}},"20":{"start":{"line":80,"column":2},"end":{"line":98,"column":4}},"21":{"start":{"line":86,"column":23},"end":{"line":86,"column":70}},"22":{"start":{"line":86,"column":44},"end":{"line":86,"column":68}},"23":{"start":{"line":90,"column":25},"end":{"line":90,"column":72}},"24":{"start":{"line":90,"column":46},"end":{"line":90,"column":70}},"25":{"start":{"line":102,"column":16},"end":{"line":102,"column":32}},"26":{"start":{"line":103,"column":34},"end":{"line":103,"column":48}},"27":{"start":{"line":104,"column":82},"end":{"line":104,"column":113}},"28":{"start":{"line":106,"column":22},"end":{"line":106,"column":63}},"29":{"start":{"line":106,"column":48},"end":{"line":106,"column":55}},"30":{"start":{"line":107,"column":27},"end":{"line":107,"column":51}},"31":{"start":{"line":109,"column":22},"end":{"line":111,"column":3}},"32":{"start":{"line":110,"column":4},"end":{"line":110,"column":37}},"33":{"start":{"line":113,"column":22},"end":{"line":115,"column":3}},"34":{"start":{"line":114,"column":4},"end":{"line":114,"column":22}},"35":{"start":{"line":117,"column":34},"end":{"line":123,"column":3}},"36":{"start":{"line":118,"column":4},"end":{"line":118,"column":32}},"37":{"start":{"line":119,"column":4},"end":{"line":121,"column":5}},"38":{"start":{"line":120,"column":6},"end":{"line":120,"column":29}},"39":{"start":{"line":122,"column":4},"end":{"line":122,"column":18}},"40":{"start":{"line":125,"column":2},"end":{"line":213,"column":4}},"41":{"start":{"line":167,"column":37},"end":{"line":167,"column":101}},"42":{"start":{"line":168,"column":26},"end":{"line":168,"column":83}},"43":{"start":{"line":170,"column":12},"end":{"line":208,"column":14}},"44":{"start":{"line":173,"column":31},"end":{"line":173,"column":68}},"45":{"start":{"line":193,"column":20},"end":{"line":193,"column":40}},"46":{"start":{"line":194,"column":20},"end":{"line":194,"column":55}}},"fnMap":{"0":{"name":"NotificationProvider","decl":{"start":{"line":35,"column":16},"end":{"line":35,"column":36}},"loc":{"start":{"line":35,"column":51},"end":{"line":99,"column":1}},"line":35},"1":{"name":"(anonymous_1)","decl":{"start":{"line":39,"column":26},"end":{"line":39,"column":27}},"loc":{"start":{"line":39,"column":44},"end":{"line":54,"column":3}},"line":39},"2":{"name":"(anonymous_2)","decl":{"start":{"line":46,"column":21},"end":{"line":46,"column":22}},"loc":{"start":{"line":46,"column":29},"end":{"line":46,"column":55}},"line":46},"3":{"name":"(anonymous_3)","decl":{"start":{"line":56,"column":21},"end":{"line":56,"column":22}},"loc":{"start":{"line":56,"column":41},"end":{"line":62,"column":3}},"line":56},"4":{"name":"(anonymous_4)","decl":{"start":{"line":57,"column":21},"end":{"line":57,"column":22}},"loc":{"start":{"line":58,"column":6},"end":{"line":60,"column":7}},"line":58},"5":{"name":"(anonymous_5)","decl":{"start":{"line":58,"column":15},"end":{"line":58,"column":16}},"loc":{"start":{"line":59,"column":8},"end":{"line":59,"column":70}},"line":59},"6":{"name":"(anonymous_6)","decl":{"start":{"line":64,"column":28},"end":{"line":64,"column":29}},"loc":{"start":{"line":64,"column":48},"end":{"line":66,"column":3}},"line":64},"7":{"name":"(anonymous_7)","decl":{"start":{"line":65,"column":21},"end":{"line":65,"column":22}},"loc":{"start":{"line":65,"column":29},"end":{"line":65,"column":78}},"line":65},"8":{"name":"(anonymous_8)","decl":{"start":{"line":65,"column":41},"end":{"line":65,"column":42}},"loc":{"start":{"line":65,"column":50},"end":{"line":65,"column":77}},"line":65},"9":{"name":"(anonymous_9)","decl":{"start":{"line":68,"column":32},"end":{"line":68,"column":33}},"loc":{"start":{"line":68,"column":38},"end":{"line":70,"column":3}},"line":68},"10":{"name":"(anonymous_10)","decl":{"start":{"line":86,"column":17},"end":{"line":86,"column":18}},"loc":{"start":{"line":86,"column":23},"end":{"line":86,"column":70}},"line":86},"11":{"name":"(anonymous_11)","decl":{"start":{"line":86,"column":35},"end":{"line":86,"column":36}},"loc":{"start":{"line":86,"column":44},"end":{"line":86,"column":68}},"line":86},"12":{"name":"(anonymous_12)","decl":{"start":{"line":90,"column":19},"end":{"line":90,"column":20}},"loc":{"start":{"line":90,"column":25},"end":{"line":90,"column":72}},"line":90},"13":{"name":"(anonymous_13)","decl":{"start":{"line":90,"column":37},"end":{"line":90,"column":38}},"loc":{"start":{"line":90,"column":46},"end":{"line":90,"column":70}},"line":90},"14":{"name":"NotificationBell","decl":{"start":{"line":101,"column":16},"end":{"line":101,"column":32}},"loc":{"start":{"line":101,"column":35},"end":{"line":214,"column":1}},"line":101},"15":{"name":"(anonymous_15)","decl":{"start":{"line":106,"column":43},"end":{"line":106,"column":44}},"loc":{"start":{"line":106,"column":48},"end":{"line":106,"column":55}},"line":106},"16":{"name":"(anonymous_16)","decl":{"start":{"line":109,"column":22},"end":{"line":109,"column":23}},"loc":{"start":{"line":109,"column":33},"end":{"line":111,"column":3}},"line":109},"17":{"name":"(anonymous_17)","decl":{"start":{"line":113,"column":22},"end":{"line":113,"column":23}},"loc":{"start":{"line":113,"column":28},"end":{"line":115,"column":3}},"line":113},"18":{"name":"(anonymous_18)","decl":{"start":{"line":117,"column":34},"end":{"line":117,"column":35}},"loc":{"start":{"line":117,"column":52},"end":{"line":123,"column":3}},"line":117},"19":{"name":"(anonymous_19)","decl":{"start":{"line":166,"column":28},"end":{"line":166,"column":29}},"loc":{"start":{"line":166,"column":46},"end":{"line":209,"column":11}},"line":166},"20":{"name":"(anonymous_20)","decl":{"start":{"line":173,"column":25},"end":{"line":173,"column":26}},"loc":{"start":{"line":173,"column":31},"end":{"line":173,"column":68}},"line":173},"21":{"name":"(anonymous_21)","decl":{"start":{"line":192,"column":27},"end":{"line":192,"column":28}},"loc":{"start":{"line":192,"column":34},"end":{"line":195,"column":19}},"line":192}},"branchMap":{"0":{"loc":{"start":{"line":52,"column":16},"end":{"line":52,"column":70}},"type":"binary-expr","locations":[{"start":{"line":52,"column":16},"end":{"line":52,"column":60}},{"start":{"line":52,"column":64},"end":{"line":52,"column":70}}],"line":52},"1":{"loc":{"start":{"line":59,"column":8},"end":{"line":59,"column":70}},"type":"cond-expr","locations":[{"start":{"line":59,"column":38},"end":{"line":59,"column":62}},{"start":{"line":59,"column":65},"end":{"line":59,"column":70}}],"line":59},"2":{"loc":{"start":{"line":119,"column":4},"end":{"line":121,"column":5}},"type":"if","locations":[{"start":{"line":119,"column":4},"end":{"line":121,"column":5}},{"start":{},"end":{}}],"line":119},"3":{"loc":{"start":{"line":152,"column":11},"end":{"line":156,"column":11}},"type":"binary-expr","locations":[{"start":{"line":152,"column":11},"end":{"line":152,"column":27}},{"start":{"line":153,"column":12},"end":{"line":155,"column":25}}],"line":152},"4":{"loc":{"start":{"line":159,"column":9},"end":{"line":210,"column":9}},"type":"cond-expr","locations":[{"start":{"line":160,"column":10},"end":{"line":164,"column":21}},{"start":{"line":166,"column":10},"end":{"line":209,"column":12}}],"line":159},"5":{"loc":{"start":{"line":167,"column":37},"end":{"line":167,"column":101}},"type":"binary-expr","locations":[{"start":{"line":167,"column":37},"end":{"line":167,"column":80}},{"start":{"line":167,"column":84},"end":{"line":167,"column":101}}],"line":167},"6":{"loc":{"start":{"line":168,"column":26},"end":{"line":168,"column":83}},"type":"binary-expr","locations":[{"start":{"line":168,"column":26},"end":{"line":168,"column":70}},{"start":{"line":168,"column":74},"end":{"line":168,"column":83}}],"line":168},"7":{"loc":{"start":{"line":175,"column":27},"end":{"line":175,"column":77}},"type":"cond-expr","locations":[{"start":{"line":175,"column":47},"end":{"line":175,"column":60}},{"start":{"line":175,"column":63},"end":{"line":175,"column":77}}],"line":175},"8":{"loc":{"start":{"line":187,"column":32},"end":{"line":187,"column":69}},"type":"cond-expr","locations":[{"start":{"line":187,"column":52},"end":{"line":187,"column":60}},{"start":{"line":187,"column":63},"end":{"line":187,"column":69}}],"line":187}},"s":{"0":0,"1":0,"2":0,"3":0,"4":0,"5":0,"6":0,"7":0,"8":0,"9":0,"10":0,"11":0,"12":0,"13":0,"14":0,"15":0,"16":0,"17":0,"18":0,"19":0,"20":0,"21":0,"22":0,"23":0,"24":0,"25":0,"26":0,"27":0,"28":0,"29":0,"30":0,"31":0,"32":0,"33":0,"34":0,"35":0,"36":0,"37":0,"38":0,"39":0,"40":0,"41":0,"42":0,"43":0,"44":0,"45":0,"46":0},"f":{"0":0,"1":0,"2":0,"3":0,"4":0,"5":0,"6":0,"7":0,"8":0,"9":0,"10":0,"11":0,"12":0,"13":0,"14":0,"15":0,"16":0,"17":0,"18":0,"19":0,"20":0,"21":0},"b":{"0":[0,0],"1":[0,0],"2":[0,0],"3":[0,0],"4":[0,0],"5":[0,0],"6":[0,0],"7":[0,0],"8":[0,0]}}
,"C:\\Users\\MTG\\Desktop\\v0.9\\apps\\client\\src\\components\\NotificationsContainer.js": {"path":"C:\\Users\\MTG\\Desktop\\v0.9\\apps\\client\\src\\components\\NotificationsContainer.js","statementMap":{"0":{"start":{"line":6,"column":34},"end":{"line":6,"column":65}},"1":{"start":{"line":8,"column":2},"end":{"line":21,"column":4}},"2":{"start":{"line":11,"column":8},"end":{"line":18,"column":10}},"3":{"start":{"line":17,"column":29},"end":{"line":17,"column":44}}},"fnMap":{"0":{"name":"NotificationsContainer","decl":{"start":{"line":5,"column":9},"end":{"line":5,"column":31}},"loc":{"start":{"line":5,"column":34},"end":{"line":22,"column":1}},"line":5},"1":{"name":"(anonymous_1)","decl":{"start":{"line":10,"column":18},"end":{"line":10,"column":19}},"loc":{"start":{"line":11,"column":8},"end":{"line":18,"column":10}},"line":11},"2":{"name":"(anonymous_2)","decl":{"start":{"line":17,"column":23},"end":{"line":17,"column":24}},"loc":{"start":{"line":17,"column":29},"end":{"line":17,"column":44}},"line":17}},"branchMap":{},"s":{"0":0,"1":0,"2":0,"3":0},"f":{"0":0,"1":0,"2":0},"b":{}}
,"C:\\Users\\MTG\\Desktop\\v0.9\\apps\\client\\src\\components\\PageTransition.js": {"path":"C:\\Users\\MTG\\Desktop\\v0.9\\apps\\client\\src\\components\\PageTransition.js","statementMap":{"0":{"start":{"line":4,"column":21},"end":{"line":20,"column":1}},"1":{"start":{"line":22,"column":23},"end":{"line":26,"column":1}},"2":{"start":{"line":29,"column":2},"end":{"line":39,"column":4}}},"fnMap":{"0":{"name":"PageTransition","decl":{"start":{"line":28,"column":9},"end":{"line":28,"column":23}},"loc":{"start":{"line":28,"column":38},"end":{"line":40,"column":1}},"line":28}},"branchMap":{},"s":{"0":0,"1":0,"2":0},"f":{"0":0},"b":{}}
,"C:\\Users\\MTG\\Desktop\\v0.9\\apps\\client\\src\\components\\Sidebar.js": {"path":"C:\\Users\\MTG\\Desktop\\v0.9\\apps\\client\\src\\components\\Sidebar.js","statementMap":{"0":{"start":{"line":26,"column":28},"end":{"line":26,"column":31}},"1":{"start":{"line":29,"column":16},"end":{"line":29,"column":32}},"2":{"start":{"line":30,"column":19},"end":{"line":30,"column":42}},"3":{"start":{"line":33,"column":20},"end":{"line":44,"column":3}},"4":{"start":{"line":46,"column":25},"end":{"line":59,"column":3}},"5":{"start":{"line":62,"column":4},"end":{"line":172,"column":10}},"6":{"start":{"line":122,"column":10},"end":{"line":132,"column":21}},"7":{"start":{"line":144,"column":10},"end":{"line":158,"column":21}},"8":{"start":{"line":175,"column":2},"end":{"line":194,"column":3}},"9":{"start":{"line":176,"column":4},"end":{"line":193,"column":6}},"10":{"start":{"line":196,"column":2},"end":{"line":213,"column":4}}},"fnMap":{"0":{"name":"Sidebar","decl":{"start":{"line":28,"column":9},"end":{"line":28,"column":16}},"loc":{"start":{"line":28,"column":71},"end":{"line":214,"column":1}},"line":28},"1":{"name":"(anonymous_1)","decl":{"start":{"line":121,"column":36},"end":{"line":121,"column":37}},"loc":{"start":{"line":122,"column":10},"end":{"line":132,"column":21}},"line":122},"2":{"name":"(anonymous_2)","decl":{"start":{"line":143,"column":28},"end":{"line":143,"column":29}},"loc":{"start":{"line":144,"column":10},"end":{"line":158,"column":21}},"line":144}},"branchMap":{"0":{"loc":{"start":{"line":28,"column":34},"end":{"line":28,"column":55}},"type":"default-arg","locations":[{"start":{"line":28,"column":44},"end":{"line":28,"column":55}}],"line":28},"1":{"loc":{"start":{"line":73,"column":15},"end":{"line":73,"column":74}},"type":"binary-expr","locations":[{"start":{"line":73,"column":15},"end":{"line":73,"column":32}},{"start":{"line":73,"column":36},"end":{"line":73,"column":74}}],"line":73},"2":{"loc":{"start":{"line":124,"column":28},"end":{"line":124,"column":70}},"type":"cond-expr","locations":[{"start":{"line":124,"column":49},"end":{"line":124,"column":58}},{"start":{"line":124,"column":61},"end":{"line":124,"column":70}}],"line":124},"3":{"loc":{"start":{"line":125,"column":40},"end":{"line":125,"column":83}},"type":"cond-expr","locations":[{"start":{"line":125,"column":61},"end":{"line":125,"column":70}},{"start":{"line":125,"column":73},"end":{"line":125,"column":83}}],"line":125},"4":{"loc":{"start":{"line":130,"column":29},"end":{"line":130,"column":57}},"type":"cond-expr","locations":[{"start":{"line":130,"column":50},"end":{"line":130,"column":51}},{"start":{"line":130,"column":54},"end":{"line":130,"column":57}}],"line":130},"5":{"loc":{"start":{"line":175,"column":2},"end":{"line":194,"column":3}},"type":"if","locations":[{"start":{"line":175,"column":2},"end":{"line":194,"column":3}},{"start":{},"end":{}}],"line":175}},"s":{"0":0,"1":0,"2":0,"3":0,"4":0,"5":0,"6":0,"7":0,"8":0,"9":0,"10":0},"f":{"0":0,"1":0,"2":0},"b":{"0":[0],"1":[0,0],"2":[0,0],"3":[0,0],"4":[0,0],"5":[0,0]}}
,"C:\\Users\\MTG\\Desktop\\v0.9\\apps\\client\\src\\components\\StatisticsPlaceholder.js": {"path":"C:\\Users\\MTG\\Desktop\\v0.9\\apps\\client\\src\\components\\StatisticsPlaceholder.js","statementMap":{"0":{"start":{"line":8,"column":16},"end":{"line":8,"column":32}},"1":{"start":{"line":9,"column":2},"end":{"line":14,"column":4}}},"fnMap":{"0":{"name":"StatisticsPlaceholder","decl":{"start":{"line":7,"column":9},"end":{"line":7,"column":30}},"loc":{"start":{"line":7,"column":33},"end":{"line":15,"column":1}},"line":7}},"branchMap":{},"s":{"0":0,"1":0},"f":{"0":0},"b":{}}
,"C:\\Users\\MTG\\Desktop\\v0.9\\apps\\client\\src\\components\\organ Navbar.js": {"path":"C:\\Users\\MTG\\Desktop\\v0.9\\apps\\client\\src\\components\\organ Navbar.js","statementMap":{"0":{"start":{"line":16,"column":15},"end":{"line":55,"column":1}},"1":{"start":{"line":17,"column":15},"end":{"line":17,"column":38}},"2":{"start":{"line":18,"column":15},"end":{"line":18,"column":43}},"3":{"start":{"line":19,"column":26},"end":{"line":19,"column":54}},"4":{"start":{"line":21,"column":2},"end":{"line":54,"column":4}}},"fnMap":{"0":{"name":"(anonymous_0)","decl":{"start":{"line":16,"column":15},"end":{"line":16,"column":16}},"loc":{"start":{"line":16,"column":21},"end":{"line":55,"column":1}},"line":16}},"branchMap":{"0":{"loc":{"start":{"line":33,"column":11},"end":{"line":33,"column":70}},"type":"cond-expr","locations":[{"start":{"line":33,"column":29},"end":{"line":33,"column":48}},{"start":{"line":33,"column":51},"end":{"line":33,"column":70}}],"line":33},"1":{"loc":{"start":{"line":35,"column":9},"end":{"line":35,"column":39}},"type":"binary-expr","locations":[{"start":{"line":35,"column":9},"end":{"line":35,"column":13}},{"start":{"line":35,"column":17},"end":{"line":35,"column":39}}],"line":35},"2":{"loc":{"start":{"line":36,"column":9},"end":{"line":51,"column":9}},"type":"cond-expr","locations":[{"start":{"line":37,"column":10},"end":{"line":46,"column":16}},{"start":{"line":48,"column":10},"end":{"line":50,"column":19}}],"line":36}},"s":{"0":0,"1":0,"2":0,"3":0,"4":0},"f":{"0":0},"b":{"0":[0,0],"1":[0,0],"2":[0,0]}}
,"C:\\Users\\MTG\\Desktop\\v0.9\\apps\\client\\src\\components\\animations\\PageTransition.js": {"path":"C:\\Users\\MTG\\Desktop\\v0.9\\apps\\client\\src\\components\\animations\\PageTransition.js","statementMap":{"0":{"start":{"line":4,"column":21},"end":{"line":20,"column":1}},"1":{"start":{"line":22,"column":23},"end":{"line":26,"column":1}},"2":{"start":{"line":29,"column":2},"end":{"line":39,"column":4}}},"fnMap":{"0":{"name":"PageTransition","decl":{"start":{"line":28,"column":9},"end":{"line":28,"column":23}},"loc":{"start":{"line":28,"column":38},"end":{"line":40,"column":1}},"line":28}},"branchMap":{},"s":{"0":0,"1":0,"2":0},"f":{"0":0},"b":{}}
,"C:\\Users\\MTG\\Desktop\\v0.9\\apps\\client\\src\\components\\atoms\\AvatarUpload.js": {"path":"C:\\Users\\MTG\\Desktop\\v0.9\\apps\\client\\src\\components\\atoms\\AvatarUpload.js","statementMap":{"0":{"start":{"line":4,"column":21},"end":{"line":63,"column":1}},"1":{"start":{"line":5,"column":26},"end":{"line":5,"column":40}},"2":{"start":{"line":6,"column":32},"end":{"line":6,"column":55}},"3":{"start":{"line":7,"column":34},"end":{"line":7,"column":45}},"4":{"start":{"line":8,"column":36},"end":{"line":8,"column":51}},"5":{"start":{"line":10,"column":2},"end":{"line":12,"column":22}},"6":{"start":{"line":11,"column":4},"end":{"line":11,"column":30}},"7":{"start":{"line":14,"column":27},"end":{"line":20,"column":3}},"8":{"start":{"line":15,"column":14},"end":{"line":15,"column":31}},"9":{"start":{"line":16,"column":4},"end":{"line":19,"column":5}},"10":{"start":{"line":17,"column":6},"end":{"line":17,"column":17}},"11":{"start":{"line":18,"column":6},"end":{"line":18,"column":41}},"12":{"start":{"line":22,"column":23},"end":{"line":33,"column":3}},"13":{"start":{"line":23,"column":4},"end":{"line":23,"column":22}},"14":{"start":{"line":23,"column":15},"end":{"line":23,"column":22}},"15":{"start":{"line":24,"column":4},"end":{"line":24,"column":23}},"16":{"start":{"line":25,"column":4},"end":{"line":32,"column":5}},"17":{"start":{"line":26,"column":18},"end":{"line":26,"column":61}},"18":{"start":{"line":26,"column":46},"end":{"line":26,"column":60}},"19":{"start":{"line":27,"column":6},"end":{"line":27,"column":26}},"20":{"start":{"line":28,"column":6},"end":{"line":28,"column":20}},"21":{"start":{"line":30,"column":6},"end":{"line":30,"column":25}},"22":{"start":{"line":31,"column":6},"end":{"line":31,"column":26}},"23":{"start":{"line":35,"column":2},"end":{"line":62,"column":4}}},"fnMap":{"0":{"name":"(anonymous_0)","decl":{"start":{"line":4,"column":21},"end":{"line":4,"column":22}},"loc":{"start":{"line":4,"column":54},"end":{"line":63,"column":1}},"line":4},"1":{"name":"(anonymous_1)","decl":{"start":{"line":10,"column":12},"end":{"line":10,"column":13}},"loc":{"start":{"line":10,"column":18},"end":{"line":12,"column":3}},"line":10},"2":{"name":"(anonymous_2)","decl":{"start":{"line":14,"column":27},"end":{"line":14,"column":28}},"loc":{"start":{"line":14,"column":34},"end":{"line":20,"column":3}},"line":14},"3":{"name":"(anonymous_3)","decl":{"start":{"line":22,"column":23},"end":{"line":22,"column":24}},"loc":{"start":{"line":22,"column":35},"end":{"line":33,"column":3}},"line":22},"4":{"name":"(anonymous_4)","decl":{"start":{"line":26,"column":39},"end":{"line":26,"column":40}},"loc":{"start":{"line":26,"column":46},"end":{"line":26,"column":60}},"line":26}},"branchMap":{"0":{"loc":{"start":{"line":16,"column":4},"end":{"line":19,"column":5}},"type":"if","locations":[{"start":{"line":16,"column":4},"end":{"line":19,"column":5}},{"start":{},"end":{}}],"line":16},"1":{"loc":{"start":{"line":23,"column":4},"end":{"line":23,"column":22}},"type":"if","locations":[{"start":{"line":23,"column":4},"end":{"line":23,"column":22}},{"start":{},"end":{}}],"line":23},"2":{"loc":{"start":{"line":51,"column":18},"end":{"line":51,"column":36}},"type":"binary-expr","locations":[{"start":{"line":51,"column":18},"end":{"line":51,"column":23}},{"start":{"line":51,"column":27},"end":{"line":51,"column":36}}],"line":51},"3":{"loc":{"start":{"line":54,"column":7},"end":{"line":60,"column":7}},"type":"binary-expr","locations":[{"start":{"line":54,"column":7},"end":{"line":54,"column":16}},{"start":{"line":55,"column":8},"end":{"line":59,"column":10}}],"line":54}},"s":{"0":0,"1":0,"2":0,"3":0,"4":0,"5":0,"6":0,"7":0,"8":0,"9":0,"10":0,"11":0,"12":0,"13":0,"14":0,"15":0,"16":0,"17":0,"18":0,"19":0,"20":0,"21":0,"22":0,"23":0},"f":{"0":0,"1":0,"2":0,"3":0,"4":0},"b":{"0":[0,0],"1":[0,0],"2":[0,0],"3":[0,0]}}
,"C:\\Users\\MTG\\Desktop\\v0.9\\apps\\client\\src\\components\\atoms\\Button.js": {"path":"C:\\Users\\MTG\\Desktop\\v0.9\\apps\\client\\src\\components\\atoms\\Button.js","statementMap":{"0":{"start":{"line":12,"column":21},"end":{"line":12,"column":38}},"1":{"start":{"line":15,"column":13},"end":{"line":15,"column":70}},"2":{"start":{"line":16,"column":18},"end":{"line":16,"column":63}},"3":{"start":{"line":17,"column":2},"end":{"line":30,"column":4}}},"fnMap":{"0":{"name":"Button","decl":{"start":{"line":14,"column":9},"end":{"line":14,"column":15}},"loc":{"start":{"line":14,"column":55},"end":{"line":31,"column":1}},"line":14}},"branchMap":{"0":{"loc":{"start":{"line":14,"column":18},"end":{"line":14,"column":37}},"type":"default-arg","locations":[{"start":{"line":14,"column":28},"end":{"line":14,"column":37}}],"line":14},"1":{"loc":{"start":{"line":15,"column":13},"end":{"line":15,"column":70}},"type":"cond-expr","locations":[{"start":{"line":15,"column":37},"end":{"line":15,"column":51}},{"start":{"line":15,"column":54},"end":{"line":15,"column":70}}],"line":15},"2":{"loc":{"start":{"line":16,"column":18},"end":{"line":16,"column":63}},"type":"cond-expr","locations":[{"start":{"line":16,"column":42},"end":{"line":16,"column":51}},{"start":{"line":16,"column":54},"end":{"line":16,"column":63}}],"line":16}},"s":{"0":0,"1":0,"2":0,"3":0},"f":{"0":0},"b":{"0":[0],"1":[0,0],"2":[0,0]}}
,"C:\\Users\\MTG\\Desktop\\v0.9\\apps\\client\\src\\components\\atoms\\ChatHeader.js": {"path":"C:\\Users\\MTG\\Desktop\\v0.9\\apps\\client\\src\\components\\atoms\\ChatHeader.js","statementMap":{"0":{"start":{"line":7,"column":19},"end":{"line":21,"column":1}},"1":{"start":{"line":8,"column":2},"end":{"line":20,"column":11}}},"fnMap":{"0":{"name":"(anonymous_0)","decl":{"start":{"line":7,"column":19},"end":{"line":7,"column":20}},"loc":{"start":{"line":8,"column":2},"end":{"line":20,"column":11}},"line":8}},"branchMap":{},"s":{"0":0,"1":0},"f":{"0":0},"b":{}}
,"C:\\Users\\MTG\\Desktop\\v0.9\\apps\\client\\src\\components\\atoms\\ChatInput.js": {"path":"C:\\Users\\MTG\\Desktop\\v0.9\\apps\\client\\src\\components\\atoms\\ChatInput.js","statementMap":{"0":{"start":{"line":5,"column":18},"end":{"line":20,"column":1}},"1":{"start":{"line":6,"column":2},"end":{"line":19,"column":8}},"2":{"start":{"line":13,"column":21},"end":{"line":13,"column":45}},"3":{"start":{"line":14,"column":22},"end":{"line":14,"column":51}}},"fnMap":{"0":{"name":"(anonymous_0)","decl":{"start":{"line":5,"column":18},"end":{"line":5,"column":19}},"loc":{"start":{"line":6,"column":2},"end":{"line":19,"column":8}},"line":6},"1":{"name":"(anonymous_1)","decl":{"start":{"line":13,"column":16},"end":{"line":13,"column":17}},"loc":{"start":{"line":13,"column":21},"end":{"line":13,"column":45}},"line":13},"2":{"name":"(anonymous_2)","decl":{"start":{"line":14,"column":17},"end":{"line":14,"column":18}},"loc":{"start":{"line":14,"column":22},"end":{"line":14,"column":51}},"line":14}},"branchMap":{"0":{"loc":{"start":{"line":14,"column":22},"end":{"line":14,"column":51}},"type":"binary-expr","locations":[{"start":{"line":14,"column":22},"end":{"line":14,"column":39}},{"start":{"line":14,"column":43},"end":{"line":14,"column":51}}],"line":14}},"s":{"0":0,"1":0,"2":0,"3":0},"f":{"0":0,"1":0,"2":0},"b":{"0":[0,0]}}
,"C:\\Users\\MTG\\Desktop\\v0.9\\apps\\client\\src\\components\\atoms\\ChatListItem.js": {"path":"C:\\Users\\MTG\\Desktop\\v0.9\\apps\\client\\src\\components\\atoms\\ChatListItem.js","statementMap":{"0":{"start":{"line":9,"column":21},"end":{"line":44,"column":1}},"1":{"start":{"line":10,"column":15},"end":{"line":10,"column":24}},"2":{"start":{"line":11,"column":22},"end":{"line":11,"column":67}},"3":{"start":{"line":11,"column":51},"end":{"line":11,"column":66}},"4":{"start":{"line":12,"column":19},"end":{"line":12,"column":47}},"5":{"start":{"line":13,"column":15},"end":{"line":13,"column":35}},"6":{"start":{"line":14,"column":18},"end":{"line":14,"column":46}},"7":{"start":{"line":15,"column":15},"end":{"line":17,"column":8}},"8":{"start":{"line":19,"column":2},"end":{"line":43,"column":4}},"9":{"start":{"line":23,"column":21},"end":{"line":23,"column":38}},"10":{"start":{"line":24,"column":22},"end":{"line":24,"column":60}}},"fnMap":{"0":{"name":"(anonymous_0)","decl":{"start":{"line":9,"column":21},"end":{"line":9,"column":22}},"loc":{"start":{"line":9,"column":55},"end":{"line":44,"column":1}},"line":9},"1":{"name":"(anonymous_1)","decl":{"start":{"line":11,"column":45},"end":{"line":11,"column":46}},"loc":{"start":{"line":11,"column":51},"end":{"line":11,"column":66}},"line":11},"2":{"name":"(anonymous_2)","decl":{"start":{"line":23,"column":15},"end":{"line":23,"column":16}},"loc":{"start":{"line":23,"column":21},"end":{"line":23,"column":38}},"line":23},"3":{"name":"(anonymous_3)","decl":{"start":{"line":24,"column":17},"end":{"line":24,"column":18}},"loc":{"start":{"line":24,"column":22},"end":{"line":24,"column":60}},"line":24}},"branchMap":{"0":{"loc":{"start":{"line":13,"column":15},"end":{"line":13,"column":35}},"type":"binary-expr","locations":[{"start":{"line":13,"column":15},"end":{"line":13,"column":24}},{"start":{"line":13,"column":28},"end":{"line":13,"column":35}}],"line":13},"1":{"loc":{"start":{"line":14,"column":18},"end":{"line":14,"column":46}},"type":"binary-expr","locations":[{"start":{"line":14,"column":18},"end":{"line":14,"column":40}},{"start":{"line":14,"column":44},"end":{"line":14,"column":46}}],"line":14},"2":{"loc":{"start":{"line":15,"column":15},"end":{"line":17,"column":8}},"type":"cond-expr","locations":[{"start":{"line":16,"column":6},"end":{"line":16,"column":54}},{"start":{"line":17,"column":6},"end":{"line":17,"column":8}}],"line":15},"3":{"loc":{"start":{"line":24,"column":22},"end":{"line":24,"column":60}},"type":"binary-expr","locations":[{"start":{"line":24,"column":22},"end":{"line":24,"column":39}},{"start":{"line":24,"column":43},"end":{"line":24,"column":60}}],"line":24},"4":{"loc":{"start":{"line":27,"column":136},"end":{"line":27,"column":181}},"type":"cond-expr","locations":[{"start":{"line":27,"column":147},"end":{"line":27,"column":160}},{"start":{"line":27,"column":163},"end":{"line":27,"column":181}}],"line":27},"5":{"loc":{"start":{"line":33,"column":15},"end":{"line":33,"column":66}},"type":"cond-expr","locations":[{"start":{"line":33,"column":45},"end":{"line":33,"column":54}},{"start":{"line":33,"column":57},"end":{"line":33,"column":66}}],"line":33}},"s":{"0":0,"1":0,"2":0,"3":0,"4":0,"5":0,"6":0,"7":0,"8":0,"9":0,"10":0},"f":{"0":0,"1":0,"2":0,"3":0},"b":{"0":[0,0],"1":[0,0],"2":[0,0],"3":[0,0],"4":[0,0],"5":[0,0]}}
,"C:\\Users\\MTG\\Desktop\\v0.9\\apps\\client\\src\\components\\atoms\\Footer.js": {"path":"C:\\Users\\MTG\\Desktop\\v0.9\\apps\\client\\src\\components\\atoms\\Footer.js","statementMap":{"0":{"start":{"line":4,"column":15},"end":{"line":10,"column":1}},"1":{"start":{"line":5,"column":2},"end":{"line":9,"column":8}}},"fnMap":{"0":{"name":"(anonymous_0)","decl":{"start":{"line":4,"column":15},"end":{"line":4,"column":16}},"loc":{"start":{"line":5,"column":2},"end":{"line":9,"column":8}},"line":5}},"branchMap":{},"s":{"0":0,"1":0},"f":{"0":0},"b":{}}
,"C:\\Users\\MTG\\Desktop\\v0.9\\apps\\client\\src\\components\\atoms\\HomeLinkCard.js": {"path":"C:\\Users\\MTG\\Desktop\\v0.9\\apps\\client\\src\\components\\atoms\\HomeLinkCard.js","statementMap":{"0":{"start":{"line":5,"column":21},"end":{"line":15,"column":1}},"1":{"start":{"line":6,"column":2},"end":{"line":14,"column":9}}},"fnMap":{"0":{"name":"(anonymous_0)","decl":{"start":{"line":5,"column":21},"end":{"line":5,"column":22}},"loc":{"start":{"line":6,"column":2},"end":{"line":14,"column":9}},"line":6}},"branchMap":{},"s":{"0":0,"1":0},"f":{"0":0},"b":{}}
,"C:\\Users\\MTG\\Desktop\\v0.9\\apps\\client\\src\\components\\atoms\\MessageBubble.js": {"path":"C:\\Users\\MTG\\Desktop\\v0.9\\apps\\client\\src\\components\\atoms\\MessageBubble.js","statementMap":{"0":{"start":{"line":3,"column":22},"end":{"line":18,"column":1}},"1":{"start":{"line":4,"column":20},"end":{"line":4,"column":56}},"2":{"start":{"line":5,"column":18},"end":{"line":5,"column":77}},"3":{"start":{"line":6,"column":15},"end":{"line":8,"column":8}},"4":{"start":{"line":10,"column":2},"end":{"line":17,"column":4}}},"fnMap":{"0":{"name":"(anonymous_0)","decl":{"start":{"line":3,"column":22},"end":{"line":3,"column":23}},"loc":{"start":{"line":3,"column":43},"end":{"line":18,"column":1}},"line":3}},"branchMap":{"0":{"loc":{"start":{"line":4,"column":20},"end":{"line":4,"column":56}},"type":"cond-expr","locations":[{"start":{"line":4,"column":25},"end":{"line":4,"column":38}},{"start":{"line":4,"column":41},"end":{"line":4,"column":56}}],"line":4},"1":{"loc":{"start":{"line":5,"column":18},"end":{"line":5,"column":77}},"type":"cond-expr","locations":[{"start":{"line":5,"column":23},"end":{"line":5,"column":47}},{"start":{"line":5,"column":50},"end":{"line":5,"column":77}}],"line":5},"2":{"loc":{"start":{"line":6,"column":15},"end":{"line":8,"column":8}},"type":"cond-expr","locations":[{"start":{"line":7,"column":6},"end":{"line":7,"column":53}},{"start":{"line":8,"column":6},"end":{"line":8,"column":8}}],"line":6}},"s":{"0":0,"1":0,"2":0,"3":0,"4":0},"f":{"0":0},"b":{"0":[0,0],"1":[0,0],"2":[0,0]}}
,"C:\\Users\\MTG\\Desktop\\v0.9\\apps\\client\\src\\components\\atoms\\NavBar.js": {"path":"C:\\Users\\MTG\\Desktop\\v0.9\\apps\\client\\src\\components\\atoms\\NavBar.js","statementMap":{"0":{"start":{"line":18,"column":17},"end":{"line":23,"column":1}},"1":{"start":{"line":26,"column":19},"end":{"line":26,"column":32}},"2":{"start":{"line":27,"column":28},"end":{"line":27,"column":51}},"3":{"start":{"line":28,"column":30},"end":{"line":28,"column":52}},"4":{"start":{"line":30,"column":35},"end":{"line":30,"column":88}},"5":{"start":{"line":30,"column":68},"end":{"line":30,"column":75}},"6":{"start":{"line":32,"column":19},"end":{"line":32,"column":78}},"7":{"start":{"line":33,"column":21},"end":{"line":33,"column":35}},"8":{"start":{"line":35,"column":42},"end":{"line":35,"column":56}},"9":{"start":{"line":36,"column":60},"end":{"line":36,"column":74}},"10":{"start":{"line":38,"column":29},"end":{"line":40,"column":3}},"11":{"start":{"line":39,"column":4},"end":{"line":39,"column":41}},"12":{"start":{"line":42,"column":30},"end":{"line":44,"column":3}},"13":{"start":{"line":43,"column":4},"end":{"line":43,"column":26}},"14":{"start":{"line":46,"column":38},"end":{"line":50,"column":3}},"15":{"start":{"line":47,"column":4},"end":{"line":47,"column":50}},"16":{"start":{"line":52,"column":39},"end":{"line":54,"column":3}},"17":{"start":{"line":53,"column":4},"end":{"line":53,"column":35}},"18":{"start":{"line":56,"column":23},"end":{"line":68,"column":3}},"19":{"start":{"line":57,"column":4},"end":{"line":57,"column":26}},"20":{"start":{"line":58,"column":4},"end":{"line":67,"column":5}},"21":{"start":{"line":59,"column":6},"end":{"line":59,"column":28}},"22":{"start":{"line":61,"column":6},"end":{"line":61,"column":49}},"23":{"start":{"line":64,"column":6},"end":{"line":64,"column":75}},"24":{"start":{"line":65,"column":6},"end":{"line":65,"column":20}},"25":{"start":{"line":66,"column":6},"end":{"line":66,"column":25}},"26":{"start":{"line":70,"column":25},"end":{"line":73,"column":3}},"27":{"start":{"line":71,"column":4},"end":{"line":71,"column":26}},"28":{"start":{"line":72,"column":4},"end":{"line":72,"column":19}},"29":{"start":{"line":78,"column":22},"end":{"line":78,"column":46}},"30":{"start":{"line":81,"column":2},"end":{"line":300,"column":4}},"31":{"start":{"line":153,"column":29},"end":{"line":153,"column":68}},"32":{"start":{"line":194,"column":39},"end":{"line":194,"column":65}},"33":{"start":{"line":198,"column":39},"end":{"line":198,"column":66}},"34":{"start":{"line":238,"column":12},"end":{"line":242,"column":14}},"35":{"start":{"line":253,"column":20},"end":{"line":253,"column":72}},"36":{"start":{"line":254,"column":20},"end":{"line":254,"column":51}},"37":{"start":{"line":256,"column":67},"end":{"line":256,"column":103}},"38":{"start":{"line":277,"column":38},"end":{"line":277,"column":54}},"39":{"start":{"line":288,"column":14},"end":{"line":294,"column":16}}},"fnMap":{"0":{"name":"NavBar","decl":{"start":{"line":25,"column":9},"end":{"line":25,"column":15}},"loc":{"start":{"line":25,"column":18},"end":{"line":301,"column":1}},"line":25},"1":{"name":"(anonymous_1)","decl":{"start":{"line":30,"column":63},"end":{"line":30,"column":64}},"loc":{"start":{"line":30,"column":68},"end":{"line":30,"column":75}},"line":30},"2":{"name":"(anonymous_2)","decl":{"start":{"line":38,"column":29},"end":{"line":38,"column":30}},"loc":{"start":{"line":38,"column":40},"end":{"line":40,"column":3}},"line":38},"3":{"name":"(anonymous_3)","decl":{"start":{"line":42,"column":30},"end":{"line":42,"column":31}},"loc":{"start":{"line":42,"column":36},"end":{"line":44,"column":3}},"line":42},"4":{"name":"(anonymous_4)","decl":{"start":{"line":46,"column":38},"end":{"line":46,"column":39}},"loc":{"start":{"line":46,"column":49},"end":{"line":50,"column":3}},"line":46},"5":{"name":"(anonymous_5)","decl":{"start":{"line":52,"column":39},"end":{"line":52,"column":40}},"loc":{"start":{"line":52,"column":45},"end":{"line":54,"column":3}},"line":52},"6":{"name":"(anonymous_6)","decl":{"start":{"line":56,"column":23},"end":{"line":56,"column":24}},"loc":{"start":{"line":56,"column":35},"end":{"line":68,"column":3}},"line":56},"7":{"name":"(anonymous_7)","decl":{"start":{"line":70,"column":25},"end":{"line":70,"column":26}},"loc":{"start":{"line":70,"column":35},"end":{"line":73,"column":3}},"line":70},"8":{"name":"(anonymous_8)","decl":{"start":{"line":153,"column":23},"end":{"line":153,"column":24}},"loc":{"start":{"line":153,"column":29},"end":{"line":153,"column":68}},"line":153},"9":{"name":"(anonymous_9)","decl":{"start":{"line":194,"column":33},"end":{"line":194,"column":34}},"loc":{"start":{"line":194,"column":39},"end":{"line":194,"column":65}},"line":194},"10":{"name":"(anonymous_10)","decl":{"start":{"line":198,"column":33},"end":{"line":198,"column":34}},"loc":{"start":{"line":198,"column":39},"end":{"line":198,"column":66}},"line":198},"11":{"name":"(anonymous_11)","decl":{"start":{"line":237,"column":34},"end":{"line":237,"column":35}},"loc":{"start":{"line":238,"column":12},"end":{"line":242,"column":14}},"line":238},"12":{"name":"(anonymous_12)","decl":{"start":{"line":251,"column":25},"end":{"line":251,"column":26}},"loc":{"start":{"line":251,"column":31},"end":{"line":255,"column":17}},"line":251},"13":{"name":"(anonymous_13)","decl":{"start":{"line":256,"column":58},"end":{"line":256,"column":59}},"loc":{"start":{"line":256,"column":67},"end":{"line":256,"column":103}},"line":256},"14":{"name":"(anonymous_14)","decl":{"start":{"line":277,"column":29},"end":{"line":277,"column":30}},"loc":{"start":{"line":277,"column":38},"end":{"line":277,"column":54}},"line":277},"15":{"name":"(anonymous_15)","decl":{"start":{"line":287,"column":26},"end":{"line":287,"column":27}},"loc":{"start":{"line":288,"column":14},"end":{"line":294,"column":16}},"line":288}},"branchMap":{"0":{"loc":{"start":{"line":30,"column":35},"end":{"line":30,"column":88}},"type":"binary-expr","locations":[{"start":{"line":30,"column":35},"end":{"line":30,"column":83}},{"start":{"line":30,"column":87},"end":{"line":30,"column":88}}],"line":30},"1":{"loc":{"start":{"line":32,"column":19},"end":{"line":32,"column":78}},"type":"binary-expr","locations":[{"start":{"line":32,"column":19},"end":{"line":32,"column":36}},{"start":{"line":32,"column":40},"end":{"line":32,"column":66}},{"start":{"line":32,"column":70},"end":{"line":32,"column":78}}],"line":32},"2":{"loc":{"start":{"line":155,"column":21},"end":{"line":155,"column":95}},"type":"cond-expr","locations":[{"start":{"line":155,"column":58},"end":{"line":155,"column":75}},{"start":{"line":155,"column":78},"end":{"line":155,"column":95}}],"line":155},"3":{"loc":{"start":{"line":157,"column":15},"end":{"line":157,"column":93}},"type":"cond-expr","locations":[{"start":{"line":157,"column":52},"end":{"line":157,"column":71}},{"start":{"line":157,"column":74},"end":{"line":157,"column":93}}],"line":157},"4":{"loc":{"start":{"line":175,"column":17},"end":{"line":175,"column":64}},"type":"binary-expr","locations":[{"start":{"line":175,"column":17},"end":{"line":175,"column":28}},{"start":{"line":175,"column":32},"end":{"line":175,"column":64}}],"line":175},"5":{"loc":{"start":{"line":236,"column":9},"end":{"line":248,"column":9}},"type":"cond-expr","locations":[{"start":{"line":237,"column":10},"end":{"line":243,"column":12}},{"start":{"line":245,"column":10},"end":{"line":247,"column":21}}],"line":236},"6":{"loc":{"start":{"line":249,"column":9},"end":{"line":260,"column":9}},"type":"binary-expr","locations":[{"start":{"line":249,"column":9},"end":{"line":249,"column":40}},{"start":{"line":250,"column":12},"end":{"line":259,"column":23}}],"line":249}},"s":{"0":0,"1":0,"2":0,"3":0,"4":0,"5":0,"6":0,"7":0,"8":0,"9":0,"10":0,"11":0,"12":0,"13":0,"14":0,"15":0,"16":0,"17":0,"18":0,"19":0,"20":0,"21":0,"22":0,"23":0,"24":0,"25":0,"26":0,"27":0,"28":0,"29":0,"30":0,"31":0,"32":0,"33":0,"34":0,"35":0,"36":0,"37":0,"38":0,"39":0},"f":{"0":0,"1":0,"2":0,"3":0,"4":0,"5":0,"6":0,"7":0,"8":0,"9":0,"10":0,"11":0,"12":0,"13":0,"14":0,"15":0},"b":{"0":[0,0],"1":[0,0,0],"2":[0,0],"3":[0,0],"4":[0,0],"5":[0,0],"6":[0,0]}}
,"C:\\Users\\MTG\\Desktop\\v0.9\\apps\\client\\src\\components\\atoms\\NotificationItem.js": {"path":"C:\\Users\\MTG\\Desktop\\v0.9\\apps\\client\\src\\components\\atoms\\NotificationItem.js","statementMap":{"0":{"start":{"line":15,"column":22},"end":{"line":27,"column":1}},"1":{"start":{"line":16,"column":2},"end":{"line":16,"column":28}},"2":{"start":{"line":16,"column":18},"end":{"line":16,"column":28}},"3":{"start":{"line":17,"column":14},"end":{"line":17,"column":24}},"4":{"start":{"line":18,"column":18},"end":{"line":18,"column":64}},"5":{"start":{"line":20,"column":2},"end":{"line":20,"column":50}},"6":{"start":{"line":20,"column":20},"end":{"line":20,"column":50}},"7":{"start":{"line":21,"column":18},"end":{"line":21,"column":42}},"8":{"start":{"line":22,"column":2},"end":{"line":22,"column":88}},"9":{"start":{"line":22,"column":20},"end":{"line":22,"column":88}},"10":{"start":{"line":23,"column":16},"end":{"line":23,"column":40}},"11":{"start":{"line":24,"column":2},"end":{"line":24,"column":80}},"12":{"start":{"line":24,"column":18},"end":{"line":24,"column":80}},"13":{"start":{"line":25,"column":15},"end":{"line":25,"column":37}},"14":{"start":{"line":26,"column":2},"end":{"line":26,"column":61}},"15":{"start":{"line":29,"column":28},"end":{"line":41,"column":1}},"16":{"start":{"line":30,"column":2},"end":{"line":40,"column":3}},"17":{"start":{"line":32,"column":6},"end":{"line":32,"column":70}},"18":{"start":{"line":34,"column":6},"end":{"line":34,"column":66}},"19":{"start":{"line":36,"column":6},"end":{"line":36,"column":60}},"20":{"start":{"line":39,"column":6},"end":{"line":39,"column":56}},"21":{"start":{"line":44,"column":23},"end":{"line":44,"column":45}},"22":{"start":{"line":45,"column":19},"end":{"line":45,"column":32}},"23":{"start":{"line":46,"column":16},"end":{"line":46,"column":32}},"24":{"start":{"line":48,"column":34},"end":{"line":56,"column":3}},"25":{"start":{"line":49,"column":4},"end":{"line":51,"column":5}},"26":{"start":{"line":50,"column":6},"end":{"line":50,"column":80}},"27":{"start":{"line":52,"column":4},"end":{"line":54,"column":5}},"28":{"start":{"line":53,"column":6},"end":{"line":53,"column":34}},"29":{"start":{"line":55,"column":4},"end":{"line":55,"column":18}},"30":{"start":{"line":58,"column":2},"end":{"line":110,"column":4}},"31":{"start":{"line":65,"column":31},"end":{"line":65,"column":67}},"32":{"start":{"line":95,"column":14},"end":{"line":95,"column":34}},"33":{"start":{"line":96,"column":14},"end":{"line":98,"column":15}},"34":{"start":{"line":97,"column":16},"end":{"line":97,"column":90}},"35":{"start":{"line":99,"column":14},"end":{"line":99,"column":48}},"36":{"start":{"line":100,"column":14},"end":{"line":100,"column":28}}},"fnMap":{"0":{"name":"(anonymous_0)","decl":{"start":{"line":15,"column":22},"end":{"line":15,"column":23}},"loc":{"start":{"line":15,"column":40},"end":{"line":27,"column":1}},"line":15},"1":{"name":"(anonymous_1)","decl":{"start":{"line":29,"column":28},"end":{"line":29,"column":29}},"loc":{"start":{"line":29,"column":38},"end":{"line":41,"column":1}},"line":29},"2":{"name":"NotificationItem","decl":{"start":{"line":43,"column":9},"end":{"line":43,"column":25}},"loc":{"start":{"line":43,"column":57},"end":{"line":111,"column":1}},"line":43},"3":{"name":"(anonymous_3)","decl":{"start":{"line":48,"column":34},
[...]
:1}},"18":{"start":{"line":36,"column":22},"end":{"line":36,"column":53}},"19":{"start":{"line":37,"column":2},"end":{"line":40,"column":5}},"20":{"start":{"line":38,"column":16},"end":{"line":38,"column":55}},"21":{"start":{"line":39,"column":4},"end":{"line":39,"column":18}},"22":{"start":{"line":43,"column":22},"end":{"line":53,"column":1}},"23":{"start":{"line":44,"column":14},"end":{"line":44,"column":64}},"24":{"start":{"line":45,"column":16},"end":{"line":45,"column":39}},"25":{"start":{"line":46,"column":20},"end":{"line":46,"column":31}},"26":{"start":{"line":47,"column":2},"end":{"line":51,"column":5}},"27":{"start":{"line":52,"column":2},"end":{"line":52,"column":13}},"28":{"start":{"line":55,"column":27},"end":{"line":62,"column":1}},"29":{"start":{"line":56,"column":14},"end":{"line":56,"column":64}},"30":{"start":{"line":57,"column":16},"end":{"line":57,"column":39}},"31":{"start":{"line":58,"column":2},"end":{"line":61,"column":5}},"32":{"start":{"line":59,"column":16},"end":{"line":59,"column":55}},"33":{"start":{"line":60,"column":4},"end":{"line":60,"column":18}},"34":{"start":{"line":64,"column":33},"end":{"line":73,"column":1}},"35":{"start":{"line":65,"column":18},"end":{"line":65,"column":39}},"36":{"start":{"line":66,"column":2},"end":{"line":72,"column":5}},"37":{"start":{"line":67,"column":17},"end":{"line":67,"column":37}},"38":{"start":{"line":68,"column":18},"end":{"line":70,"column":26}},"39":{"start":{"line":69,"column":30},"end":{"line":69,"column":36}},"40":{"start":{"line":70,"column":22},"end":{"line":70,"column":25}},"41":{"start":{"line":71,"column":4},"end":{"line":71,"column":20}},"42":{"start":{"line":75,"column":27},"end":{"line":83,"column":1}},"43":{"start":{"line":76,"column":18},"end":{"line":76,"column":46}},"44":{"start":{"line":77,"column":2},"end":{"line":77,"column":21}},"45":{"start":{"line":78,"column":23},"end":{"line":78,"column":51}},"46":{"start":{"line":79,"column":2},"end":{"line":82,"column":5}},"47":{"start":{"line":80,"column":4},"end":{"line":80,"column":41}},"48":{"start":{"line":80,"column":34},"end":{"line":80,"column":41}},"49":{"start":{"line":81,"column":4},"end":{"line":81,"column":36}},"50":{"start":{"line":86,"column":25},"end":{"line":91,"column":1}},"51":{"start":{"line":87,"column":14},"end":{"line":87,"column":63}},"52":{"start":{"line":88,"column":20},"end":{"line":88,"column":71}},"53":{"start":{"line":89,"column":2},"end":{"line":90,"column":25}},"54":{"start":{"line":89,"column":16},"end":{"line":89,"column":37}},"55":{"start":{"line":90,"column":7},"end":{"line":90,"column":25}},"56":{"start":{"line":94,"column":31},"end":{"line":102,"column":1}},"57":{"start":{"line":95,"column":14},"end":{"line":95,"column":63}},"58":{"start":{"line":96,"column":24},"end":{"line":96,"column":50}},"59":{"start":{"line":97,"column":2},"end":{"line":101,"column":5}},"60":{"start":{"line":98,"column":17},"end":{"line":98,"column":37}},"61":{"start":{"line":99,"column":19},"end":{"line":99,"column":81}},"62":{"start":{"line":99,"column":51},"end":{"line":99,"column":80}},"63":{"start":{"line":100,"column":4},"end":{"line":100,"column":21}}},"fnMap":{"0":{"name":"(anonymous_0)","decl":{"start":{"line":4,"column":26},"end":{"line":4,"column":27}},"loc":{"start":{"line":4,"column":42},"end":{"line":13,"column":1}},"line":4},"1":{"name":"(anonymous_1)","decl":{"start":{"line":15,"column":30},"end":{"line":15,"column":31}},"loc":{"start":{"line":15,"column":44},"end":{"line":22,"column":1}},"line":15},"2":{"name":"(anonymous_2)","decl":{"start":{"line":17,"column":27},"end":{"line":17,"column":28}},"loc":{"start":{"line":17,"column":41},"end":{"line":21,"column":3}},"line":17},"3":{"name":"(anonymous_3)","decl":{"start":{"line":19,"column":43},"end":{"line":19,"column":44}},"loc":{"start":{"line":19,"column":60},"end":{"line":19,"column":75}},"line":19},"4":{"name":"(anonymous_4)","decl":{"start":{"line":24,"column":27},"end":{"line":24,"column":28}},"loc":{"start":{"line":24,"column":51},"end":{"line":33,"column":1}},"line":24},"5":{"name":"(anonymous_5)","decl":{"start":{"line":35,"column":33},"end":{"line":35,"column":34}},"loc":{"start":{"line":35,"column":55},"end":{"line":41,"column":1}},"line":35},"6":{"name":"(anonymous_6)","decl":{"start":{"line":37,"column":35},"end":{"line":37,"column":36}},"loc":{"start":{"line":37,"column":49},"end":{"line":40,"column":3}},"line":37},"7":{"name":"(anonymous_7)","decl":{"start":{"line":43,"column":22},"end":{"line":43,"column":23}},"loc":{"start":{"line":43,"column":48},"end":{"line":53,"column":1}},"line":43},"8":{"name":"(anonymous_8)","decl":{"start":{"line":55,"column":27},"end":{"line":55,"column":28}},"loc":{"start":{"line":55,"column":51},"end":{"line":62,"column":1}},"line":55},"9":{"name":"(anonymous_9)","decl":{"start":{"line":58,"column":29},"end":{"line":58,"column":30}},"loc":{"start":{"line":58,"column":43},"end":{"line":61,"column":3}},"line":58},"10":{"name":"(anonymous_10)","decl":{"start":{"line":64,"column":33},"end":{"line":64,"column":34}},"loc":{"start":{"line":64,"column":47},"end":{"line":73,"column":1}},"line":64},"11":{"name":"(anonymous_11)","decl":{"start":{"line":66,"column":26},"end":{"line":66,"column":27}},"loc":{"start":{"line":66,"column":40},"end":{"line":72,"column":3}},"line":66},"12":{"name":"(anonymous_12)","decl":{"start":{"line":69,"column":14},"end":{"line":69,"column":15}},"loc":{"start":{"line":69,"column":30},"end":{"line":69,"column":36}},"line":69},"13":{"name":"(anonymous_13)","decl":{"start":{"line":70,"column":11},"end":{"line":70,"column":12}},"loc":{"start":{"line":70,"column":22},"end":{"line":70,"column":25}},"line":70},"14":{"name":"(anonymous_14)","decl":{"start":{"line":75,"column":27},"end":{"line":75,"column":28}},"loc":{"start":{"line":75,"column":36},"end":{"line":83,"column":1}},"line":75},"15":{"name":"(anonymous_15)","decl":{"start":{"line":79,"column":24},"end":{"line":79,"column":25}},"loc":{"start":{"line":79,"column":38},"end":{"line":82,"column":3}},"line":79},"16":{"name":"(anonymous_16)","decl":{"start":{"line":86,"column":25},"end":{"line":86,"column":26}},"loc":{"start":{"line":86,"column":48},"end":{"line":91,"column":1}},"line":86},"17":{"name":"(anonymous_17)","decl":{"start":{"line":94,"column":31},"end":{"line":94,"column":32}},"loc":{"start":{"line":94,"column":54},"end":{"line":102,"column":1}},"line":94},"18":{"name":"(anonymous_18)","decl":{"start":{"line":97,"column":32},"end":{"line":97,"column":33}},"loc":{"start":{"line":97,"column":46},"end":{"line":101,"column":3}},"line":97},"19":{"name":"(anonymous_19)","decl":{"start":{"line":99,"column":44},"end":{"line":99,"column":45}},"loc":{"start":{"line":99,"column":51},"end":{"line":99,"column":80}},"line":99}},"branchMap":{"0":{"loc":{"start":{"line":18,"column":17},"end":{"line":18,"column":37}},"type":"binary-expr","locations":[{"start":{"line":18,"column":17},"end":{"line":18,"column":31}},{"start":{"line":18,"column":35},"end":{"line":18,"column":37}}],"line":18},"1":{"loc":{"start":{"line":67,"column":17},"end":{"line":67,"column":37}},"type":"binary-expr","locations":[{"start":{"line":67,"column":17},"end":{"line":67,"column":31}},{"start":{"line":67,"column":35},"end":{"line":67,"column":37}}],"line":67},"2":{"loc":{"start":{"line":80,"column":4},"end":{"line":80,"column":41}},"type":"if","locations":[{"start":{"line":80,"column":4},"end":{"line":80,"column":41}},{"start":{},"end":{}}],"line":80},"3":{"loc":{"start":{"line":89,"column":2},"end":{"line":90,"column":25}},"type":"if","locations":[{"start":{"line":89,"column":2},"end":{"line":90,"column":25}},{"start":{"line":90,"column":7},"end":{"line":90,"column":25}}],"line":89},"4":{"loc":{"start":{"line":98,"column":17},"end":{"line":98,"column":37}},"type":"binary-expr","locations":[{"start":{"line":98,"column":17},"end":{"line":98,"column":31}},{"start":{"line":98,"column":35},"end":{"line":98,"column":37}}],"line":98}},"s":{"0":0,"1":0,"2":0,"3":0,"4":0,"5":0,"6":0,"7":0,"8":0,"9":0,"10":0,"11":0,"12":0,"13":0,"14":0,"15":0,"16":0,"17":0,"18":0,"19":0,"20":0,"21":0,"22":0,"23":0,"24":0,"25":0,"26":0,"27":0,"28":0,"29":0,"30":0,"31":0,"32":0,"33":0,"34":0,"35":0,"36":0,"37":0,"38":0,"39":0,"40":0,"41":0,"42":0,"43":0,"44":0,"45":0,"46":0,"47":0,"48":0,"49":0,"50":0,"51":0,"52":0,"53":0,"54":0,"55":0,"56":0,"57":0,"58":0,"59":0,"60":0,"61":0,"62":0,"63":0},"f":{"0":0,"1":0,"2":0,"3":0,"4":0,"5":0,"6":0,"7":0,"8":0,"9":0,"10":0,"11":0,"12":0,"13":0,"14":0,"15":0,"16":0,"17":0,"18":0,"19":0},"b":{"0":[0,0],"1":[0,0],"2":[0,0],"3":[0,0],"4":[0,0]}}
,"C:\\Users\\MTG\\Desktop\\v0.9\\apps\\client\\src\\services\\gameService.js": {"path":"C:\\Users\\MTG\\Desktop\\v0.9\\apps\\client\\src\\services\\gameService.js","statementMap":{"0":{"start":{"line":6,"column":22},"end":{"line":21,"column":1}},"1":{"start":{"line":30,"column":2},"end":{"line":43,"column":3}},"2":{"start":{"line":37,"column":21},"end":{"line":37,"column":72}},"3":{"start":{"line":38,"column":4},"end":{"line":38,"column":25}},"4":{"start":{"line":40,"column":4},"end":{"line":40,"column":91}},"5":{"start":{"line":42,"column":4},"end":{"line":42,"column":25}},"6":{"start":{"line":47,"column":2},"end":{"line":62,"column":3}},"7":{"start":{"line":54,"column":21},"end":{"line":54,"column":56}},"8":{"start":{"line":55,"column":4},"end":{"line":55,"column":25}},"9":{"start":{"line":57,"column":4},"end":{"line":57,"column":97}},"10":{"start":{"line":59,"column":21},"end":{"line":59,"column":61}},"11":{"start":{"line":59,"column":45},"end":{"line":59,"column":60}},"12":{"start":{"line":60,"column":4},"end":{"line":60,"column":34}},"13":{"start":{"line":60,"column":18},"end":{"line":60,"column":34}},"14":{"start":{"line":61,"column":4},"end":{"line":61,"column":102}}},"fnMap":{"0":{"name":"getGames","decl":{"start":{"line":25,"column":22},"end":{"line":25,"column":30}},"loc":{"start":{"line":25,"column":50},"end":{"line":44,"column":1}},"line":25},"1":{"name":"getGameDetails","decl":{"start":{"line":46,"column":22},"end":{"line":46,"column":36}},"loc":{"start":{"line":46,"column":45},"end":{"line":63,"column":1}},"line":46},"2":{"name":"(anonymous_2)","decl":{"start":{"line":59,"column":40},"end":{"line":59,"column":41}},"loc":{"start":{"line":59,"column":45},"end":{"line":59,"column":60}},"line":59}},"branchMap":{"0":{"loc":{"start":{"line":25,"column":31},"end":{"line":25,"column":48}},"type":"default-arg","locations":[{"start":{"line":25,"column":46},"end":{"line":25,"column":48}}],"line":25},"1":{"loc":{"start":{"line":40,"column":37},"end":{"line":40,"column":89}},"type":"cond-expr","locations":[{"start":{"line":40,"column":54},"end":{"line":40,"column":73}},{"start":{"line":40,"column":76},"end":{"line":40,"column":89}}],"line":40},"2":{"loc":{"start":{"line":57,"column":43},"end":{"line":57,"column":95}},"type":"cond-expr","locations":[{"start":{"line":57,"column":60},"end":{"line":57,"column":79}},{"start":{"line":57,"column":82},"end":{"line":57,"column":95}}],"line":57},"3":{"loc":{"start":{"line":60,"column":4},"end":{"line":60,"column":34}},"type":"if","locations":[{"start":{"line":60,"column":4},"end":{"line":60,"column":34}},{"start":{},"end":{}}],"line":60},"4":{"loc":{"start":{"line":61,"column":52},"end":{"line":61,"column":98}},"type":"binary-expr","locations":[{"start":{"line":61,"column":52},"end":{"line":61,"column":81}},{"start":{"line":61,"column":85},"end":{"line":61,"column":98}}],"line":61}},"s":{"0":0,"1":0,"2":0,"3":0,"4":0,"5":0,"6":0,"7":0,"8":0,"9":0,"10":0,"11":0,"12":0,"13":0,"14":0},"f":{"0":0,"1":0,"2":0},"b":{"0":[0],"1":[0,0],"2":[0,0],"3":[0,0],"4":[0,0]}}
,"C:\\Users\\MTG\\Desktop\\v0.9\\apps\\client\\src\\services\\notificationService.js": {"path":"C:\\Users\\MTG\\Desktop\\v0.9\\apps\\client\\src\\services\\notificationService.js","statementMap":{"0":{"start":{"line":4,"column":45},"end":{"line":16,"column":3}},"1":{"start":{"line":5,"column":4},"end":{"line":15,"column":5}},"2":{"start":{"line":6,"column":6},"end":{"line":14,"column":11}},"3":{"start":{"line":8,"column":10},"end":{"line":10,"column":11}},"4":{"start":{"line":9,"column":12},"end":{"line":9,"column":50}},"5":{"start":{"line":13,"column":10},"end":{"line":13,"column":59}},"6":{"start":{"line":18,"column":34},"end":{"line":22,"column":3}},"7":{"start":{"line":19,"column":4},"end":{"line":21,"column":5}},"8":{"start":{"line":20,"column":6},"end":{"line":20,"column":39}}},"fnMap":{"0":{"name":"(anonymous_0)","decl":{"start":{"line":4,"column":45},"end":{"line":4,"column":46}},"loc":{"start":{"line":4,"column":51},"end":{"line":16,"column":3}},"line":4},"1":{"name":"(anonymous_1)","decl":{"start":{"line":7,"column":14},"end":{"line":7,"column":15}},"loc":{"start":{"line":7,"column":28},"end":{"line":11,"column":9}},"line":7},"2":{"name":"(anonymous_2)","decl":{"start":{"line":12,"column":15},"end":{"line":12,"column":16}},"loc":{"start":{"line":12,"column":24},"end":{"line":14,"column":9}},"line":12},"3":{"name":"(anonymous_3)","decl":{"start":{"line":18,"column":34},"end":{"line":18,"column":35}},"loc":{"start":{"line":18,"column":54},"end":{"line":22,"column":3}},"line":18}},"branchMap":{"0":{"loc":{"start":{"line":5,"column":4},"end":{"line":15,"column":5}},"type":"if","locations":[{"start":{"line":5,"column":4},"end":{"line":15,"column":5}},{"start":{},"end":{}}],"line":5},"1":{"loc":{"start":{"line":8,"column":10},"end":{"line":10,"column":11}},"type":"if","locations":[{"start":{"line":8,"column":10},"end":{"line":10,"column":11}},{"start":{},"end":{}}],"line":8},"2":{"loc":{"start":{"line":19,"column":4},"end":{"line":21,"column":5}},"type":"if","locations":[{"start":{"line":19,"column":4},"end":{"line":21,"column":5}},{"start":{},"end":{}}],"line":19},"3":{"loc":{"start":{"line":19,"column":8},"end":{"line":19,"column":73}},"type":"binary-expr","locations":[{"start":{"line":19,"column":8},"end":{"line":19,"column":32}},{"start":{"line":19,"column":36},"end":{"line":19,"column":73}}],"line":19}},"s":{"0":0,"1":0,"2":0,"3":0,"4":0,"5":0,"6":0,"7":0,"8":0},"f":{"0":0,"1":0,"2":0,"3":0},"b":{"0":[0,0],"1":[0,0],"2":[0,0],"3":[0,0]}}
,"C:\\Users\\MTG\\Desktop\\v0.9\\apps\\client\\src\\services\\storageService.js": {"path":"C:\\Users\\MTG\\Desktop\\v0.9\\apps\\client\\src\\services\\storageService.js","statementMap":{"0":{"start":{"line":5,"column":2},"end":{"line":24,"column":5}},"1":{"start":{"line":6,"column":23},"end":{"line":6,"column":69}},"2":{"start":{"line":7,"column":23},"end":{"line":7,"column":61}},"3":{"start":{"line":9,"column":4},"end":{"line":23,"column":6}},"4":{"start":{"line":11,"column":25},"end":{"line":11,"column":80}},"5":{"start":{"line":12,"column":8},"end":{"line":12,"column":43}},"6":{"start":{"line":14,"column":15},"end":{"line":14,"column":28}},"7":{"start":{"line":16,"column":8},"end":{"line":21,"column":9}},"8":{"start":{"line":17,"column":22},"end":{"line":17,"column":67}},"9":{"start":{"line":18,"column":10},"end":{"line":18,"column":23}},"10":{"start":{"line":20,"column":10},"end":{"line":20,"column":22}}},"fnMap":{"0":{"name":"uploadAvatar","decl":{"start":{"line":4,"column":16},"end":{"line":4,"column":28}},"loc":{"start":{"line":4,"column":55},"end":{"line":25,"column":1}},"line":4},"1":{"name":"(anonymous_1)","decl":{"start":{"line":5,"column":21},"end":{"line":5,"column":22}},"loc":{"start":{"line":5,"column":42},"end":{"line":24,"column":3}},"line":5},"2":{"name":"(anonymous_2)","decl":{"start":{"line":10,"column":6},"end":{"line":10,"column":7}},"loc":{"start":{"line":10,"column":18},"end":{"line":13,"column":7}},"line":10},"3":{"name":"(anonymous_3)","decl":{"start":{"line":14,"column":6},"end":{"line":14,"column":7}},"loc":{"start":{"line":14,"column":15},"end":{"line":14,"column":28}},"line":14},"4":{"name":"(anonymous_4)","decl":{"start":{"line":15,"column":6},"end":{"line":15,"column":7}},"loc":{"start":{"line":15,"column":18},"end":{"line":22,"column":7}},"line":15}},"branchMap":{"0":{"loc":{"start":{"line":12,"column":8},"end":{"line":12,"column":42}},"type":"binary-expr","locations":[{"start":{"line":12,"column":8},"end":{"line":12,"column":18}},{"start":{"line":12,"column":22},"end":{"line":12,"column":42}}],"line":12}},"s":{"0":0,"1":0,"2":0,"3":0,"4":0,"5":0,"6":0,"7":0,"8":0,"9":0,"10":0},"f":{"0":0,"1":0,"2":0,"3":0,"4":0},"b":{"0":[0,0]}}
,"C:\\Users\\MTG\\Desktop\\v0.9\\apps\\client\\src\\services\\tombalaService.js": {"path":"C:\\Users\\MTG\\Desktop\\v0.9\\apps\\client\\src\\services\\tombalaService.js","statementMap":{"0":{"start":{"line":8,"column":19},"end":{"line":8,"column":64}},"1":{"start":{"line":9,"column":2},"end":{"line":9,"column":23}},"2":{"start":{"line":17,"column":19},"end":{"line":17,"column":80}},"3":{"start":{"line":18,"column":2},"end":{"line":18,"column":23}}},"fnMap":{"0":{"name":"postTombalaStats","decl":{"start":{"line":7,"column":22},"end":{"line":7,"column":38}},"loc":{"start":{"line":7,"column":46},"end":{"line":10,"column":1}},"line":7},"1":{"name":"getTombalaStats","decl":{"start":{"line":16,"column":22},"end":{"line":16,"column":37}},"loc":{"start":{"line":16,"column":46},"end":{"line":19,"column":1}},"line":16}},"branchMap":{},"s":{"0":0,"1":0,"2":0,"3":0},"f":{"0":0,"1":0},"b":{}}
,"C:\\Users\\MTG\\Desktop\\v0.9\\apps\\client\\src\\themes\\darkTheme.js": {"path":"C:\\Users\\MTG\\Desktop\\v0.9\\apps\\client\\src\\themes\\darkTheme.js","statementMap":{"0":{"start":{"line":4,"column":18},"end":{"line":29,"column":2}}},"fnMap":{},"branchMap":{},"s":{"0":0},"f":{},"b":{}}
,"C:\\Users\\MTG\\Desktop\\v0.9\\apps\\client\\src\\themes\\designTokens.js": {"path":"C:\\Users\\MTG\\Desktop\\v0.9\\apps\\client\\src\\themes\\designTokens.js","statementMap":{"0":{"start":{"line":4,"column":25},"end":{"line":14,"column":1}},"1":{"start":{"line":17,"column":27},"end":{"line":27,"column":1}},"2":{"start":{"line":29,"column":26},"end":{"line":44,"column":1}},"3":{"start":{"line":49,"column":31},"end":{"line":77,"column":2}},"4":{"start":{"line":49,"column":57},"end":{"line":77,"column":1}}},"fnMap":{"0":{"name":"(anonymous_0)","decl":{"start":{"line":49,"column":31},"end":{"line":49,"column":32}},"loc":{"start":{"line":49,"column":57},"end":{"line":77,"column":1}},"line":49}},"branchMap":{"0":{"loc":{"start":{"line":49,"column":32},"end":{"line":49,"column":51}},"type":"default-arg","locations":[{"start":{"line":49,"column":39},"end":{"line":49,"column":51}}],"line":49},"1":{"loc":{"start":{"line":50,"column":11},"end":{"line":50,"column":72}},"type":"cond-expr","locations":[{"start":{"line":50,"column":35},"end":{"line":50,"column":51}},{"start":{"line":50,"column":54},"end":{"line":50,"column":72}}],"line":50}},"s":{"0":0,"1":0,"2":0,"3":0,"4":0},"f":{"0":0},"b":{"0":[0],"1":[0,0]}}
,"C:\\Users\\MTG\\Desktop\\v0.9\\apps\\client\\src\\utils\\firebase.js": {"path":"C:\\Users\\MTG\\Desktop\\v0.9\\apps\\client\\src\\utils\\firebase.js","statementMap":{"0":{"start":{"line":5,"column":23},"end":{"line":12,"column":1}},"1":{"start":{"line":15,"column":12},"end":{"line":15,"column":41}},"2":{"start":{"line":16,"column":11},"end":{"line":16,"column":28}}},"fnMap":{},"branchMap":{},"s":{"0":0,"1":0,"2":0},"f":{},"b":{}}
,"C:\\Users\\MTG\\Desktop\\v0.9\\apps\\client\\src\\utils\\notificationUtils.js": {"path":"C:\\Users\\MTG\\Desktop\\v0.9\\apps\\client\\src\\utils\\notificationUtils.js","statementMap":{"0":{"start":{"line":4,"column":18},"end":{"line":4,"column":55}},"1":{"start":{"line":5,"column":4},"end":{"line":5,"column":17}},"2":{"start":{"line":9,"column":4},"end":{"line":9,"column":63}}},"fnMap":{"0":{"name":"playSound","decl":{"start":{"line":3,"column":16},"end":{"line":3,"column":25}},"loc":{"start":{"line":3,"column":28},"end":{"line":6,"column":3}},"line":3},"1":{"name":"changeDocumentTitle","decl":{"start":{"line":8,"column":18},"end":{"line":8,"column":37}},"loc":{"start":{"line":8,"column":45},"end":{"line":10,"column":3}},"line":8}},"branchMap":{},"s":{"0":0,"1":0,"2":0},"f":{"0":0,"1":0},"b":{}}
}
